{"/home/travis/build/npmtest/node-npmtest-tween.js/test.js":{"path":"/home/travis/build/npmtest/node-npmtest-tween.js/test.js","s":{"1":2,"2":2,"3":2,"4":2,"5":2,"6":2,"7":2,"8":1,"9":2,"10":2,"11":1,"12":1,"13":1,"14":1,"15":2,"16":2,"17":2,"18":2,"19":1,"20":1,"21":2,"22":2,"23":2,"24":1,"25":1,"26":1,"27":1,"28":1,"29":1,"30":1,"31":1,"32":1,"33":1,"34":1,"35":1,"36":1,"37":1,"38":1,"39":2,"40":2,"41":1,"42":2,"43":2,"44":1,"45":2,"46":2,"47":1,"48":2,"49":2,"50":1,"51":1,"52":1,"53":1,"54":1},"b":{"1":[2,1,1,1],"2":[1,1,1,1],"3":[1,1],"4":[1,1],"5":[1,1],"6":[1,1],"7":[1,1],"8":[1,1],"9":[1,1],"10":[1,1,1],"11":[1,1],"12":[1,1],"13":[1,1],"14":[1,1],"15":[1,1],"16":[1,1],"17":[1,1]},"f":{"1":2,"2":2,"3":2,"4":2,"5":2,"6":1,"7":1,"8":1,"9":2,"10":2,"11":2,"12":2,"13":1},"fnMap":{"1":{"name":"(anonymous_1)","line":12,"loc":{"start":{"line":12,"column":1},"end":{"line":12,"column":13}}},"2":{"name":"(anonymous_2)","line":19,"loc":{"start":{"line":19,"column":5},"end":{"line":19,"column":17}}},"3":{"name":"(anonymous_3)","line":23,"loc":{"start":{"line":23,"column":24},"end":{"line":23,"column":36}}},"4":{"name":"(anonymous_4)","line":61,"loc":{"start":{"line":61,"column":5},"end":{"line":61,"column":17}}},"5":{"name":"(anonymous_5)","line":82,"loc":{"start":{"line":82,"column":5},"end":{"line":82,"column":17}}},"6":{"name":"(anonymous_6)","line":91,"loc":{"start":{"line":91,"column":77},"end":{"line":94,"column":10}}},"7":{"name":"(anonymous_7)","line":112,"loc":{"start":{"line":112,"column":83},"end":{"line":115,"column":10}},"skip":true},"8":{"name":"(anonymous_8)","line":123,"loc":{"start":{"line":123,"column":77},"end":{"line":126,"column":10}},"skip":true},"9":{"name":"(anonymous_9)","line":139,"loc":{"start":{"line":139,"column":12},"end":{"line":139,"column":40}},"skip":true},"10":{"name":"(anonymous_10)","line":147,"loc":{"start":{"line":147,"column":77},"end":{"line":150,"column":10}},"skip":true},"11":{"name":"(anonymous_11)","line":158,"loc":{"start":{"line":158,"column":83},"end":{"line":161,"column":10}},"skip":true},"12":{"name":"(anonymous_12)","line":169,"loc":{"start":{"line":169,"column":79},"end":{"line":172,"column":10}},"skip":true},"13":{"name":"(anonymous_13)","line":180,"loc":{"start":{"line":180,"column":75},"end":{"line":183,"column":10}},"skip":true}},"statementMap":{"1":{"start":{"line":12,"column":0},"end":{"line":195,"column":5}},"2":{"start":{"line":14,"column":4},"end":{"line":14,"column":14}},"3":{"start":{"line":19,"column":4},"end":{"line":56,"column":9}},"4":{"start":{"line":21,"column":8},"end":{"line":21,"column":19}},"5":{"start":{"line":23,"column":8},"end":{"line":35,"column":13}},"6":{"start":{"line":24,"column":12},"end":{"line":34,"column":13}},"7":{"start":{"line":25,"column":16},"end":{"line":28,"column":30}},"8":{"start":{"line":30,"column":16},"end":{"line":33,"column":27}},"9":{"start":{"line":37,"column":8},"end":{"line":39,"column":21}},"10":{"start":{"line":40,"column":8},"end":{"line":53,"column":9}},"11":{"start":{"line":43,"column":12},"end":{"line":46,"column":14}},"12":{"start":{"line":47,"column":12},"end":{"line":47,"column":18}},"13":{"start":{"line":50,"column":12},"end":{"line":51,"column":46}},"14":{"start":{"line":52,"column":12},"end":{"line":52,"column":18}},"15":{"start":{"line":55,"column":8},"end":{"line":55,"column":35}},"16":{"start":{"line":61,"column":4},"end":{"line":63,"column":9}},"17":{"start":{"line":62,"column":8},"end":{"line":62,"column":15}},"18":{"start":{"line":64,"column":4},"end":{"line":77,"column":5}},"19":{"start":{"line":70,"column":8},"end":{"line":70,"column":14}},"20":{"start":{"line":76,"column":8},"end":{"line":76,"column":14}},"21":{"start":{"line":82,"column":4},"end":{"line":84,"column":9}},"22":{"start":{"line":83,"column":8},"end":{"line":83,"column":15}},"23":{"start":{"line":85,"column":4},"end":{"line":194,"column":5}},"24":{"start":{"line":91,"column":8},"end":{"line":99,"column":10}},"25":{"start":{"line":98,"column":12},"end":{"line":98,"column":35}},"26":{"start":{"line":102,"column":8},"end":{"line":104,"column":63}},"27":{"start":{"line":105,"column":8},"end":{"line":105,"column":14}},"28":{"start":{"line":112,"column":8},"end":{"line":121,"column":10},"skip":true},"29":{"start":{"line":119,"column":12},"end":{"line":119,"column":55},"skip":true},"30":{"start":{"line":120,"column":12},"end":{"line":120,"column":48},"skip":true},"31":{"start":{"line":123,"column":8},"end":{"line":136,"column":10},"skip":true},"32":{"start":{"line":130,"column":12},"end":{"line":130,"column":76},"skip":true},"33":{"start":{"line":131,"column":12},"end":{"line":131,"column":73},"skip":true},"34":{"start":{"line":132,"column":12},"end":{"line":132,"column":74},"skip":true},"35":{"start":{"line":133,"column":12},"end":{"line":133,"column":79},"skip":true},"36":{"start":{"line":134,"column":12},"end":{"line":134,"column":25},"skip":true},"37":{"start":{"line":135,"column":12},"end":{"line":135,"column":45},"skip":true},"38":{"start":{"line":138,"column":8},"end":{"line":145,"column":14},"skip":true},"39":{"start":{"line":143,"column":16},"end":{"line":143,"column":29},"skip":true},"40":{"start":{"line":144,"column":16},"end":{"line":144,"column":55},"skip":true},"41":{"start":{"line":147,"column":8},"end":{"line":156,"column":10},"skip":true},"42":{"start":{"line":154,"column":12},"end":{"line":154,"column":25},"skip":true},"43":{"start":{"line":155,"column":12},"end":{"line":155,"column":45},"skip":true},"44":{"start":{"line":158,"column":8},"end":{"line":167,"column":10},"skip":true},"45":{"start":{"line":165,"column":12},"end":{"line":165,"column":25},"skip":true},"46":{"start":{"line":166,"column":12},"end":{"line":166,"column":48},"skip":true},"47":{"start":{"line":169,"column":8},"end":{"line":178,"column":10},"skip":true},"48":{"start":{"line":176,"column":12},"end":{"line":176,"column":25},"skip":true},"49":{"start":{"line":177,"column":12},"end":{"line":177,"column":46},"skip":true},"50":{"start":{"line":180,"column":8},"end":{"line":189,"column":10},"skip":true},"51":{"start":{"line":187,"column":12},"end":{"line":187,"column":94},"skip":true},"52":{"start":{"line":188,"column":12},"end":{"line":188,"column":48},"skip":true},"53":{"start":{"line":192,"column":8},"end":{"line":192,"column":35},"skip":true},"54":{"start":{"line":193,"column":8},"end":{"line":193,"column":14},"skip":true}},"branchMap":{"1":{"line":25,"type":"binary-expr","locations":[{"start":{"line":25,"column":23},"end":{"line":25,"column":62}},{"start":{"line":26,"column":20},"end":{"line":26,"column":70}},{"start":{"line":27,"column":20},"end":{"line":27,"column":71}},{"start":{"line":28,"column":20},"end":{"line":28,"column":29}}]},"2":{"line":30,"type":"binary-expr","locations":[{"start":{"line":30,"column":23},"end":{"line":30,"column":37}},{"start":{"line":31,"column":20},"end":{"line":31,"column":61}},{"start":{"line":32,"column":20},"end":{"line":32,"column":70}},{"start":{"line":33,"column":20},"end":{"line":33,"column":26}}]},"3":{"line":37,"type":"cond-expr","locations":[{"start":{"line":38,"column":14},"end":{"line":38,"column":20}},{"start":{"line":39,"column":14},"end":{"line":39,"column":20}}]},"4":{"line":40,"type":"switch","locations":[{"start":{"line":42,"column":8},"end":{"line":47,"column":18}},{"start":{"line":49,"column":8},"end":{"line":52,"column":18}}]},"5":{"line":44,"type":"binary-expr","locations":[{"start":{"line":44,"column":16},"end":{"line":44,"column":44}},{"start":{"line":44,"column":48},"end":{"line":44,"column":66}}]},"6":{"line":50,"type":"binary-expr","locations":[{"start":{"line":50,"column":21},"end":{"line":50,"column":49}},{"start":{"line":50,"column":53},"end":{"line":50,"column":72}}]},"7":{"line":64,"type":"switch","locations":[{"start":{"line":69,"column":4},"end":{"line":70,"column":14}},{"start":{"line":75,"column":4},"end":{"line":76,"column":14}}]},"8":{"line":85,"type":"switch","locations":[{"start":{"line":90,"column":4},"end":{"line":105,"column":14}},{"start":{"line":111,"column":4},"end":{"line":193,"column":14},"skip":true}]},"9":{"line":91,"type":"binary-expr","locations":[{"start":{"line":91,"column":42},"end":{"line":91,"column":73}},{"start":{"line":91,"column":77},"end":{"line":99,"column":9}}]},"10":{"line":102,"type":"binary-expr","locations":[{"start":{"line":102,"column":18},"end":{"line":102,"column":32}},{"start":{"line":103,"column":12},"end":{"line":103,"column":53}},{"start":{"line":104,"column":12},"end":{"line":104,"column":61}}]},"11":{"line":112,"type":"binary-expr","locations":[{"start":{"line":112,"column":45},"end":{"line":112,"column":79},"skip":true},{"start":{"line":112,"column":83},"end":{"line":121,"column":9},"skip":true}]},"12":{"line":123,"type":"binary-expr","locations":[{"start":{"line":123,"column":42},"end":{"line":123,"column":73},"skip":true},{"start":{"line":123,"column":77},"end":{"line":136,"column":9},"skip":true}]},"13":{"line":138,"type":"binary-expr","locations":[{"start":{"line":138,"column":48},"end":{"line":138,"column":85},"skip":true},{"start":{"line":139,"column":12},"end":{"line":145,"column":13},"skip":true}]},"14":{"line":147,"type":"binary-expr","locations":[{"start":{"line":147,"column":42},"end":{"line":147,"column":73},"skip":true},{"start":{"line":147,"column":77},"end":{"line":156,"column":9},"skip":true}]},"15":{"line":158,"type":"binary-expr","locations":[{"start":{"line":158,"column":45},"end":{"line":158,"column":79},"skip":true},{"start":{"line":158,"column":83},"end":{"line":167,"column":9},"skip":true}]},"16":{"line":169,"type":"binary-expr","locations":[{"start":{"line":169,"column":43},"end":{"line":169,"column":75},"skip":true},{"start":{"line":169,"column":79},"end":{"line":178,"column":9},"skip":true}]},"17":{"line":180,"type":"binary-expr","locations":[{"start":{"line":180,"column":41},"end":{"line":180,"column":71},"skip":true},{"start":{"line":180,"column":75},"end":{"line":189,"column":9},"skip":true}]}},"code":["/* istanbul instrument in package npmtest_tween_js */","/*jslint","    bitwise: true,","    browser: true,","    maxerr: 8,","    maxlen: 96,","    node: true,","    nomen: true,","    regexp: true,","    stupid: true","*/","(function () {","    'use strict';","    var local;","","","","    // run shared js-env code - pre-init","    (function () {","        // init local","        local = {};","        // init modeJs","        local.modeJs = (function () {","            try {","                return typeof navigator.userAgent === 'string' &&","                    typeof document.querySelector('body') === 'object' &&","                    typeof XMLHttpRequest.prototype.open === 'function' &&","                    'browser';","            } catch (errorCaughtBrowser) {","                return module.exports &&","                    typeof process.versions.node === 'string' &&","                    typeof require('http').createServer === 'function' &&","                    'node';","            }","        }());","        // init global","        local.global = local.modeJs === 'browser'","            ? window","            : global;","        switch (local.modeJs) {","        // re-init local from window.local","        case 'browser':","            local = local.global.utility2.objectSetDefault(","                local.global.utility2_rollup || local.global.local,","                local.global.utility2","            );","            break;","        // re-init local from example.js","        case 'node':","            local = (local.global.utility2_rollup || require('utility2'))","                .requireExampleJsFromReadme();","            break;","        }","        // export local","        local.global.local = local;","    }());","","","","    // run shared js-env code - function","    (function () {","        return;","    }());","    switch (local.modeJs) {","","","","    // run browser js-env code - function","    case 'browser':","        break;","","","","    // run node js-env code - function","    case 'node':","        break;","    }","","","","    // run shared js-env code - post-init","    (function () {","        return;","    }());","    switch (local.modeJs) {","","","","    // run browser js-env code - post-init","    case 'browser':","        local.testCase_browser_nullCase = local.testCase_browser_nullCase || function (","            options,","            onError","        ) {","        /*","         * this function will test browsers's null-case handling-behavior-behavior","         */","            onError(null, options);","        };","","        // run tests","        local.nop(local.modeTest &&","            document.querySelector('#testRunButton1') &&","            document.querySelector('#testRunButton1').click());","        break;","","","","    // run node js-env code - post-init","    /* istanbul ignore next */","    case 'node':","        local.testCase_buildApidoc_default = local.testCase_buildApidoc_default || function (","            options,","            onError","        ) {","        /*","         * this function will test buildApidoc's default handling-behavior-behavior","         */","            options = { modulePathList: module.paths };","            local.buildApidoc(options, onError);","        };","","        local.testCase_buildApp_default = local.testCase_buildApp_default || function (","            options,","            onError","        ) {","        /*","         * this function will test buildApp's default handling-behavior-behavior","         */","            local.testCase_buildReadme_default(options, local.onErrorThrow);","            local.testCase_buildLib_default(options, local.onErrorThrow);","            local.testCase_buildTest_default(options, local.onErrorThrow);","            local.testCase_buildCustomOrg_default(options, local.onErrorThrow);","            options = [];","            local.buildApp(options, onError);","        };","","        local.testCase_buildCustomOrg_default = local.testCase_buildCustomOrg_default ||","            function (options, onError) {","            /*","             * this function will test buildCustomOrg's default handling-behavior","             */","                options = {};","                local.buildCustomOrg(options, onError);","            };","","        local.testCase_buildLib_default = local.testCase_buildLib_default || function (","            options,","            onError","        ) {","        /*","         * this function will test buildLib's default handling-behavior","         */","            options = {};","            local.buildLib(options, onError);","        };","","        local.testCase_buildReadme_default = local.testCase_buildReadme_default || function (","            options,","            onError","        ) {","        /*","         * this function will test buildReadme's default handling-behavior-behavior","         */","            options = {};","            local.buildReadme(options, onError);","        };","","        local.testCase_buildTest_default = local.testCase_buildTest_default || function (","            options,","            onError","        ) {","        /*","         * this function will test buildTest's default handling-behavior","         */","            options = {};","            local.buildTest(options, onError);","        };","","        local.testCase_webpage_default = local.testCase_webpage_default || function (","            options,","            onError","        ) {","        /*","         * this function will test webpage's default handling-behavior","         */","            options = { modeCoverageMerge: true, url: local.serverLocalHost + '?modeTest=1' };","            local.browserTest(options, onError);","        };","","        // run test-server","        local.testRunServer(local);","        break;","    }","}());",""],"l":{"12":2,"14":2,"19":2,"21":2,"23":2,"24":2,"25":2,"30":1,"37":2,"40":2,"43":1,"47":1,"50":1,"52":1,"55":2,"61":2,"62":2,"64":2,"70":1,"76":1,"82":2,"83":2,"85":2,"91":1,"98":1,"102":1,"105":1,"112":1,"119":1,"120":1,"123":1,"130":1,"131":1,"132":1,"133":1,"134":1,"135":1,"138":1,"143":2,"144":2,"147":1,"154":2,"155":2,"158":1,"165":2,"166":2,"169":1,"176":2,"177":2,"180":1,"187":1,"188":1,"192":1,"193":1}},"/home/travis/build/npmtest/node-npmtest-tween.js/lib.npmtest_tween.js.js":{"path":"/home/travis/build/npmtest/node-npmtest-tween.js/lib.npmtest_tween.js.js","s":{"1":2,"2":2,"3":2,"4":2,"5":2,"6":2,"7":2,"8":1,"9":2,"10":2,"11":2,"12":2,"13":1,"14":1,"15":1,"16":1},"b":{"1":[2,1,1,1],"2":[1,1,1,1],"3":[1,1],"4":[2,2],"5":[1,1]},"f":{"1":2,"2":2,"3":2},"fnMap":{"1":{"name":"(anonymous_1)","line":12,"loc":{"start":{"line":12,"column":1},"end":{"line":12,"column":13}}},"2":{"name":"(anonymous_2)","line":19,"loc":{"start":{"line":19,"column":5},"end":{"line":19,"column":17}}},"3":{"name":"(anonymous_3)","line":23,"loc":{"start":{"line":23,"column":24},"end":{"line":23,"column":36}}}},"statementMap":{"1":{"start":{"line":12,"column":0},"end":{"line":53,"column":5}},"2":{"start":{"line":14,"column":4},"end":{"line":14,"column":14}},"3":{"start":{"line":19,"column":4},"end":{"line":52,"column":9}},"4":{"start":{"line":21,"column":8},"end":{"line":21,"column":19}},"5":{"start":{"line":23,"column":8},"end":{"line":35,"column":13}},"6":{"start":{"line":24,"column":12},"end":{"line":34,"column":13}},"7":{"start":{"line":25,"column":16},"end":{"line":28,"column":30}},"8":{"start":{"line":30,"column":16},"end":{"line":33,"column":27}},"9":{"start":{"line":37,"column":8},"end":{"line":39,"column":21}},"10":{"start":{"line":41,"column":8},"end":{"line":41,"column":54}},"11":{"start":{"line":43,"column":8},"end":{"line":43,"column":53}},"12":{"start":{"line":45,"column":8},"end":{"line":51,"column":9}},"13":{"start":{"line":46,"column":12},"end":{"line":46,"column":59}},"14":{"start":{"line":48,"column":12},"end":{"line":48,"column":35}},"15":{"start":{"line":49,"column":12},"end":{"line":49,"column":49}},"16":{"start":{"line":50,"column":12},"end":{"line":50,"column":43}}},"branchMap":{"1":{"line":25,"type":"binary-expr","locations":[{"start":{"line":25,"column":23},"end":{"line":25,"column":62}},{"start":{"line":26,"column":20},"end":{"line":26,"column":70}},{"start":{"line":27,"column":20},"end":{"line":27,"column":71}},{"start":{"line":28,"column":20},"end":{"line":28,"column":29}}]},"2":{"line":30,"type":"binary-expr","locations":[{"start":{"line":30,"column":23},"end":{"line":30,"column":37}},{"start":{"line":31,"column":20},"end":{"line":31,"column":61}},{"start":{"line":32,"column":20},"end":{"line":32,"column":70}},{"start":{"line":33,"column":20},"end":{"line":33,"column":26}}]},"3":{"line":37,"type":"cond-expr","locations":[{"start":{"line":38,"column":14},"end":{"line":38,"column":20}},{"start":{"line":39,"column":14},"end":{"line":39,"column":20}}]},"4":{"line":41,"type":"binary-expr","locations":[{"start":{"line":41,"column":16},"end":{"line":41,"column":44}},{"start":{"line":41,"column":48},"end":{"line":41,"column":53}}]},"5":{"line":45,"type":"if","locations":[{"start":{"line":45,"column":8},"end":{"line":45,"column":8}},{"start":{"line":45,"column":8},"end":{"line":45,"column":8}}]}},"code":["/* istanbul instrument in package npmtest_tween_js */","/*jslint","    bitwise: true,","    browser: true,","    maxerr: 8,","    maxlen: 96,","    node: true,","    nomen: true,","    regexp: true,","    stupid: true","*/","(function () {","    'use strict';","    var local;","","","","    // run shared js-env code - pre-init","    (function () {","        // init local","        local = {};","        // init modeJs","        local.modeJs = (function () {","            try {","                return typeof navigator.userAgent === 'string' &&","                    typeof document.querySelector('body') === 'object' &&","                    typeof XMLHttpRequest.prototype.open === 'function' &&","                    'browser';","            } catch (errorCaughtBrowser) {","                return module.exports &&","                    typeof process.versions.node === 'string' &&","                    typeof require('http').createServer === 'function' &&","                    'node';","            }","        }());","        // init global","        local.global = local.modeJs === 'browser'","            ? window","            : global;","        // init utility2_rollup","        local = local.global.utility2_rollup || local;","        // init lib","        local.local = local.npmtest_tween_js = local;","        // init exports","        if (local.modeJs === 'browser') {","            local.global.utility2_npmtest_tween_js = local;","        } else {","            module.exports = local;","            module.exports.__dirname = __dirname;","            module.exports.module = module;","        }","    }());","}());",""],"l":{"12":2,"14":2,"19":2,"21":2,"23":2,"24":2,"25":2,"30":1,"37":2,"41":2,"43":2,"45":2,"46":1,"48":1,"49":1,"50":1}},"/home/travis/build/npmtest/node-npmtest-tween.js/example.js":{"path":"/home/travis/build/npmtest/node-npmtest-tween.js/example.js","s":{"1":2,"2":2,"3":2,"4":2,"5":2,"6":2,"7":2,"8":1,"9":2,"10":2,"11":2,"12":2,"13":1,"14":2,"15":2,"16":2,"17":2,"18":2,"19":0,"20":2,"21":1,"22":1,"23":1,"24":1,"25":1,"26":0,"27":0,"28":1,"29":1,"30":2,"31":0,"32":0,"33":0,"34":1,"35":2,"36":2,"37":3,"38":3,"39":3,"40":3,"41":0,"42":3,"43":3,"44":3,"45":1,"46":3,"47":1,"48":1,"49":1,"50":1,"51":1,"52":1,"53":1,"54":1,"55":1,"56":1,"57":0,"58":1,"59":6,"60":6,"61":1,"62":2,"63":0,"64":2,"65":1,"66":1,"67":0,"68":0,"69":0,"70":0,"71":0,"72":0,"73":0,"74":0,"75":0,"76":0,"77":0,"78":0,"79":0,"80":0,"81":0,"82":0,"83":0},"b":{"1":[2,1,1,1],"2":[1,1,1,1],"3":[1,1],"4":[2,2],"5":[1,1],"6":[1,1],"7":[2,0],"8":[2,1,1,1,1,1],"9":[0,2,0],"10":[1,1],"11":[2,1,1],"12":[1,0],"13":[0,2],"14":[2,0,0,0,0,0,0],"15":[0,3],"16":[3,0],"17":[1,1],"18":[0,1],"19":[1,2,0,2],"20":[1,0],"21":[1,1],"22":[0,0],"23":[0,0],"24":[0,0],"25":[0,0],"26":[0,0],"27":[0,0],"28":[0,0]},"f":{"1":2,"2":2,"3":2,"4":2,"5":2,"6":2,"7":3,"8":3,"9":3,"10":1,"11":6,"12":0},"fnMap":{"1":{"name":"(anonymous_1)","line":26,"loc":{"start":{"line":26,"column":1},"end":{"line":26,"column":13}}},"2":{"name":"(anonymous_2)","line":33,"loc":{"start":{"line":33,"column":5},"end":{"line":33,"column":17}}},"3":{"name":"(anonymous_3)","line":37,"loc":{"start":{"line":37,"column":24},"end":{"line":37,"column":36}}},"4":{"name":"(anonymous_4)","line":69,"loc":{"start":{"line":69,"column":31},"end":{"line":69,"column":48}},"skip":true},"5":{"name":"(anonymous_5)","line":78,"loc":{"start":{"line":78,"column":26},"end":{"line":78,"column":45}},"skip":true},"6":{"name":"(anonymous_6)","line":123,"loc":{"start":{"line":123,"column":33},"end":{"line":123,"column":48}},"skip":true},"7":{"name":"(anonymous_7)","line":125,"loc":{"start":{"line":125,"column":27},"end":{"line":125,"column":39}},"skip":true},"8":{"name":"(anonymous_8)","line":133,"loc":{"start":{"line":133,"column":59},"end":{"line":133,"column":74}},"skip":true},"9":{"name":"(anonymous_9)","line":143,"loc":{"start":{"line":143,"column":45},"end":{"line":143,"column":62}},"skip":true},"10":{"name":"(anonymous_10)","line":144,"loc":{"start":{"line":144,"column":73},"end":{"line":144,"column":92}},"skip":true},"11":{"name":"(anonymous_11)","line":272,"loc":{"start":{"line":272,"column":51},"end":{"line":272,"column":77}},"skip":true},"12":{"name":"(anonymous_12)","line":314,"loc":{"start":{"line":314,"column":32},"end":{"line":314,"column":61}},"skip":true}},"statementMap":{"1":{"start":{"line":26,"column":0},"end":{"line":325,"column":5}},"2":{"start":{"line":28,"column":4},"end":{"line":28,"column":14}},"3":{"start":{"line":33,"column":4},"end":{"line":60,"column":9}},"4":{"start":{"line":35,"column":8},"end":{"line":35,"column":19}},"5":{"start":{"line":37,"column":8},"end":{"line":49,"column":13}},"6":{"start":{"line":38,"column":12},"end":{"line":48,"column":13}},"7":{"start":{"line":39,"column":16},"end":{"line":42,"column":30}},"8":{"start":{"line":44,"column":16},"end":{"line":47,"column":27}},"9":{"start":{"line":51,"column":8},"end":{"line":53,"column":21}},"10":{"start":{"line":55,"column":8},"end":{"line":57,"column":45}},"11":{"start":{"line":59,"column":8},"end":{"line":59,"column":35}},"12":{"start":{"line":61,"column":4},"end":{"line":324,"column":5}},"13":{"start":{"line":69,"column":8},"end":{"line":121,"column":10},"skip":true},"14":{"start":{"line":70,"column":12},"end":{"line":88,"column":13},"skip":true},"15":{"start":{"line":76,"column":16},"end":{"line":87,"column":19},"skip":true},"16":{"start":{"line":79,"column":20},"end":{"line":86,"column":21},"skip":true},"17":{"start":{"line":82,"column":24},"end":{"line":82,"column":43},"skip":true},"18":{"start":{"line":83,"column":24},"end":{"line":83,"column":30},"skip":true},"19":{"start":{"line":85,"column":24},"end":{"line":85,"column":49},"skip":true},"20":{"start":{"line":89,"column":12},"end":{"line":107,"column":13},"skip":true},"21":{"start":{"line":92,"column":16},"end":{"line":102,"column":17},"skip":true},"22":{"start":{"line":93,"column":20},"end":{"line":93,"column":86},"skip":true},"23":{"start":{"line":94,"column":20},"end":{"line":95,"column":45},"skip":true},"24":{"start":{"line":96,"column":20},"end":{"line":96,"column":42},"skip":true},"25":{"start":{"line":97,"column":20},"end":{"line":97,"column":48},"skip":true},"26":{"start":{"line":100,"column":20},"end":{"line":100,"column":85},"skip":true},"27":{"start":{"line":101,"column":20},"end":{"line":101,"column":96},"skip":true},"28":{"start":{"line":103,"column":16},"end":{"line":103,"column":22},"skip":true},"29":{"start":{"line":106,"column":16},"end":{"line":106,"column":22},"skip":true},"30":{"start":{"line":108,"column":12},"end":{"line":120,"column":13},"skip":true},"31":{"start":{"line":114,"column":16},"end":{"line":119,"column":17},"skip":true},"32":{"start":{"line":116,"column":20},"end":{"line":116,"column":78},"skip":true},"33":{"start":{"line":118,"column":20},"end":{"line":118,"column":47},"skip":true},"34":{"start":{"line":123,"column":8},"end":{"line":141,"column":11},"skip":true},"35":{"start":{"line":124,"column":12},"end":{"line":124,"column":54},"skip":true},"36":{"start":{"line":125,"column":12},"end":{"line":140,"column":14},"skip":true},"37":{"start":{"line":126,"column":16},"end":{"line":126,"column":28},"skip":true},"38":{"start":{"line":127,"column":16},"end":{"line":127,"column":69},"skip":true},"39":{"start":{"line":128,"column":16},"end":{"line":128,"column":75},"skip":true},"40":{"start":{"line":129,"column":16},"end":{"line":131,"column":17},"skip":true},"41":{"start":{"line":130,"column":20},"end":{"line":130,"column":27},"skip":true},"42":{"start":{"line":133,"column":16},"end":{"line":137,"column":36},"skip":true},"43":{"start":{"line":134,"column":20},"end":{"line":136,"column":55},"skip":true},"44":{"start":{"line":139,"column":16},"end":{"line":139,"column":57},"skip":true},"45":{"start":{"line":143,"column":8},"end":{"line":147,"column":11},"skip":true},"46":{"start":{"line":144,"column":12},"end":{"line":146,"column":15},"skip":true},"47":{"start":{"line":145,"column":16},"end":{"line":145,"column":70},"skip":true},"48":{"start":{"line":149,"column":8},"end":{"line":149,"column":31},"skip":true},"49":{"start":{"line":150,"column":8},"end":{"line":150,"column":14},"skip":true},"50":{"start":{"line":158,"column":8},"end":{"line":158,"column":31},"skip":true},"51":{"start":{"line":160,"column":8},"end":{"line":160,"column":33},"skip":true},"52":{"start":{"line":161,"column":8},"end":{"line":161,"column":37},"skip":true},"53":{"start":{"line":162,"column":8},"end":{"line":162,"column":35},"skip":true},"54":{"start":{"line":164,"column":8},"end":{"line":164,"column":50},"skip":true},"55":{"start":{"line":166,"column":8},"end":{"line":256,"column":2},"skip":true},"56":{"start":{"line":258,"column":8},"end":{"line":286,"column":9},"skip":true},"57":{"start":{"line":259,"column":12},"end":{"line":269,"column":14},"skip":true},"58":{"start":{"line":271,"column":12},"end":{"line":285,"column":19},"skip":true},"59":{"start":{"line":274,"column":20},"end":{"line":274,"column":35},"skip":true},"60":{"start":{"line":275,"column":20},"end":{"line":284,"column":21},"skip":true},"61":{"start":{"line":277,"column":24},"end":{"line":277,"column":64},"skip":true},"62":{"start":{"line":279,"column":24},"end":{"line":279,"column":40},"skip":true},"63":{"start":{"line":281,"column":24},"end":{"line":281,"column":40},"skip":true},"64":{"start":{"line":283,"column":24},"end":{"line":283,"column":39},"skip":true},"65":{"start":{"line":288,"column":8},"end":{"line":290,"column":9},"skip":true},"66":{"start":{"line":289,"column":12},"end":{"line":289,"column":18},"skip":true},"67":{"start":{"line":291,"column":8},"end":{"line":293,"column":54},"skip":true},"68":{"start":{"line":294,"column":8},"end":{"line":301,"column":37},"skip":true},"69":{"start":{"line":302,"column":8},"end":{"line":302,"column":82},"skip":true},"70":{"start":{"line":305,"column":8},"end":{"line":307,"column":9},"skip":true},"71":{"start":{"line":306,"column":12},"end":{"line":306,"column":82},"skip":true},"72":{"start":{"line":309,"column":8},"end":{"line":311,"column":9},"skip":true},"73":{"start":{"line":310,"column":12},"end":{"line":310,"column":18},"skip":true},"74":{"start":{"line":312,"column":8},"end":{"line":312,"column":54},"skip":true},"75":{"start":{"line":313,"column":8},"end":{"line":313,"column":69},"skip":true},"76":{"start":{"line":314,"column":8},"end":{"line":322,"column":36},"skip":true},"77":{"start":{"line":315,"column":12},"end":{"line":315,"column":61},"skip":true},"78":{"start":{"line":316,"column":12},"end":{"line":319,"column":13},"skip":true},"79":{"start":{"line":317,"column":16},"end":{"line":317,"column":75},"skip":true},"80":{"start":{"line":318,"column":16},"end":{"line":318,"column":23},"skip":true},"81":{"start":{"line":320,"column":12},"end":{"line":320,"column":38},"skip":true},"82":{"start":{"line":321,"column":12},"end":{"line":321,"column":27},"skip":true},"83":{"start":{"line":323,"column":8},"end":{"line":323,"column":14},"skip":true}},"branchMap":{"1":{"line":39,"type":"binary-expr","locations":[{"start":{"line":39,"column":23},"end":{"line":39,"column":62}},{"start":{"line":40,"column":20},"end":{"line":40,"column":70}},{"start":{"line":41,"column":20},"end":{"line":41,"column":71}},{"start":{"line":42,"column":20},"end":{"line":42,"column":29}}]},"2":{"line":44,"type":"binary-expr","locations":[{"start":{"line":44,"column":23},"end":{"line":44,"column":37}},{"start":{"line":45,"column":20},"end":{"line":45,"column":61}},{"start":{"line":46,"column":20},"end":{"line":46,"column":70}},{"start":{"line":47,"column":20},"end":{"line":47,"column":26}}]},"3":{"line":51,"type":"cond-expr","locations":[{"start":{"line":52,"column":14},"end":{"line":52,"column":20}},{"start":{"line":53,"column":14},"end":{"line":53,"column":20}}]},"4":{"line":55,"type":"binary-expr","locations":[{"start":{"line":55,"column":16},"end":{"line":55,"column":44}},{"start":{"line":55,"column":49},"end":{"line":57,"column":43}}]},"5":{"line":55,"type":"cond-expr","locations":[{"start":{"line":56,"column":14},"end":{"line":56,"column":52}},{"start":{"line":57,"column":14},"end":{"line":57,"column":43}}]},"6":{"line":61,"type":"switch","locations":[{"start":{"line":68,"column":4},"end":{"line":150,"column":14},"skip":true},{"start":{"line":156,"column":4},"end":{"line":323,"column":14},"skip":true}]},"7":{"line":70,"type":"if","locations":[{"start":{"line":70,"column":12},"end":{"line":70,"column":12},"skip":true},{"start":{"line":70,"column":12},"end":{"line":70,"column":12},"skip":true}]},"8":{"line":70,"type":"binary-expr","locations":[{"start":{"line":70,"column":16},"end":{"line":70,"column":22},"skip":true},{"start":{"line":70,"column":27},"end":{"line":70,"column":32},"skip":true},{"start":{"line":71,"column":20},"end":{"line":71,"column":39},"skip":true},{"start":{"line":72,"column":20},"end":{"line":72,"column":49},"skip":true},{"start":{"line":73,"column":20},"end":{"line":73,"column":58},"skip":true},{"start":{"line":74,"column":20},"end":{"line":74,"column":69},"skip":true}]},"9":{"line":79,"type":"switch","locations":[{"start":{"line":80,"column":20},"end":{"line":80,"column":33},"skip":true},{"start":{"line":81,"column":20},"end":{"line":83,"column":30},"skip":true},{"start":{"line":84,"column":20},"end":{"line":85,"column":49},"skip":true}]},"10":{"line":89,"type":"switch","locations":[{"start":{"line":90,"column":12},"end":{"line":103,"column":22},"skip":true},{"start":{"line":105,"column":12},"end":{"line":106,"column":22},"skip":true}]},"11":{"line":89,"type":"binary-expr","locations":[{"start":{"line":89,"column":20},"end":{"line":89,"column":25},"skip":true},{"start":{"line":89,"column":29},"end":{"line":89,"column":48},"skip":true},{"start":{"line":89,"column":52},"end":{"line":89,"column":74},"skip":true}]},"12":{"line":92,"type":"if","locations":[{"start":{"line":92,"column":16},"end":{"line":92,"column":16},"skip":true},{"start":{"line":92,"column":16},"end":{"line":92,"column":16},"skip":true}]},"13":{"line":108,"type":"if","locations":[{"start":{"line":108,"column":12},"end":{"line":108,"column":12},"skip":true},{"start":{"line":108,"column":12},"end":{"line":108,"column":12},"skip":true}]},"14":{"line":108,"type":"binary-expr","locations":[{"start":{"line":108,"column":16},"end":{"line":108,"column":61},"skip":true},{"start":{"line":108,"column":66},"end":{"line":108,"column":72},"skip":true},{"start":{"line":108,"column":77},"end":{"line":108,"column":82},"skip":true},{"start":{"line":109,"column":20},"end":{"line":109,"column":39},"skip":true},{"start":{"line":110,"column":20},"end":{"line":110,"column":49},"skip":true},{"start":{"line":111,"column":20},"end":{"line":111,"column":58},"skip":true},{"start":{"line":112,"column":20},"end":{"line":112,"column":68},"skip":true}]},"15":{"line":129,"type":"if","locations":[{"start":{"line":129,"column":16},"end":{"line":129,"column":16},"skip":true},{"start":{"line":129,"column":16},"end":{"line":129,"column":16},"skip":true}]},"16":{"line":134,"type":"cond-expr","locations":[{"start":{"line":135,"column":26},"end":{"line":135,"column":29},"skip":true},{"start":{"line":136,"column":26},"end":{"line":136,"column":54},"skip":true}]},"17":{"line":164,"type":"binary-expr","locations":[{"start":{"line":164,"column":27},"end":{"line":164,"column":43},"skip":true},{"start":{"line":164,"column":47},"end":{"line":164,"column":49},"skip":true}]},"18":{"line":258,"type":"if","locations":[{"start":{"line":258,"column":8},"end":{"line":258,"column":8},"skip":true},{"start":{"line":258,"column":8},"end":{"line":258,"column":8},"skip":true}]},"19":{"line":275,"type":"switch","locations":[{"start":{"line":276,"column":20},"end":{"line":277,"column":64},"skip":true},{"start":{"line":278,"column":20},"end":{"line":279,"column":40},"skip":true},{"start":{"line":280,"column":20},"end":{"line":281,"column":40},"skip":true},{"start":{"line":282,"column":20},"end":{"line":283,"column":39},"skip":true}]},"20":{"line":288,"type":"if","locations":[{"start":{"line":288,"column":8},"end":{"line":288,"column":8},"skip":true},{"start":{"line":288,"column":8},"end":{"line":288,"column":8},"skip":true}]},"21":{"line":288,"type":"binary-expr","locations":[{"start":{"line":288,"column":12},"end":{"line":288,"column":40},"skip":true},{"start":{"line":288,"column":44},"end":{"line":288,"column":67},"skip":true}]},"22":{"line":292,"type":"binary-expr","locations":[{"start":{"line":292,"column":12},"end":{"line":292,"column":50},"skip":true},{"start":{"line":293,"column":12},"end":{"line":293,"column":53},"skip":true}]},"23":{"line":295,"type":"binary-expr","locations":[{"start":{"line":295,"column":12},"end":{"line":295,"column":66},"skip":true},{"start":{"line":296,"column":12},"end":{"line":301,"column":36},"skip":true}]},"24":{"line":302,"type":"binary-expr","locations":[{"start":{"line":302,"column":43},"end":{"line":302,"column":75},"skip":true},{"start":{"line":302,"column":79},"end":{"line":302,"column":81},"skip":true}]},"25":{"line":305,"type":"if","locations":[{"start":{"line":305,"column":8},"end":{"line":305,"column":8},"skip":true},{"start":{"line":305,"column":8},"end":{"line":305,"column":8},"skip":true}]},"26":{"line":309,"type":"if","locations":[{"start":{"line":309,"column":8},"end":{"line":309,"column":8},"skip":true},{"start":{"line":309,"column":8},"end":{"line":309,"column":8},"skip":true}]},"27":{"line":312,"type":"binary-expr","locations":[{"start":{"line":312,"column":27},"end":{"line":312,"column":43},"skip":true},{"start":{"line":312,"column":47},"end":{"line":312,"column":53},"skip":true}]},"28":{"line":316,"type":"if","locations":[{"start":{"line":316,"column":12},"end":{"line":316,"column":12},"skip":true},{"start":{"line":316,"column":12},"end":{"line":316,"column":12},"skip":true}]}},"code":["/*","example.js","","quickstart example","","instruction","    1. save this script as example.js","    2. run the shell command:","        $ npm install npmtest-tween.js && PORT=8081 node example.js","    3. play with the browser-demo on http://127.0.0.1:8081","*/","","","","/* istanbul instrument in package npmtest_tween_js */","/*jslint","    bitwise: true,","    browser: true,","    maxerr: 8,","    maxlen: 96,","    node: true,","    nomen: true,","    regexp: true,","    stupid: true","*/","(function () {","    'use strict';","    var local;","","","","    // run shared js-env code - pre-init","    (function () {","        // init local","        local = {};","        // init modeJs","        local.modeJs = (function () {","            try {","                return typeof navigator.userAgent === 'string' &&","                    typeof document.querySelector('body') === 'object' &&","                    typeof XMLHttpRequest.prototype.open === 'function' &&","                    'browser';","            } catch (errorCaughtBrowser) {","                return module.exports &&","                    typeof process.versions.node === 'string' &&","                    typeof require('http').createServer === 'function' &&","                    'node';","            }","        }());","        // init global","        local.global = local.modeJs === 'browser'","            ? window","            : global;","        // init utility2_rollup","        local = local.global.utility2_rollup || (local.modeJs === 'browser'","            ? local.global.utility2_npmtest_tween_js","            : global.utility2_moduleExports);","        // export local","        local.global.local = local;","    }());","    switch (local.modeJs) {","","","","    // post-init","    // run browser js-env code - post-init","    /* istanbul ignore next */","    case 'browser':","        local.testRunBrowser = function (event) {","            if (!event || (event &&","                    event.currentTarget &&","                    event.currentTarget.className &&","                    event.currentTarget.className.includes &&","                    event.currentTarget.className.includes('onreset'))) {","                // reset output","                Array.from(","                    document.querySelectorAll('body > .resettable')","                ).forEach(function (element) {","                    switch (element.tagName) {","                    case 'INPUT':","                    case 'TEXTAREA':","                        element.value = '';","                        break;","                    default:","                        element.textContent = '';","                    }","                });","            }","            switch (event && event.currentTarget && event.currentTarget.id) {","            case 'testRunButton1':","                // show tests","                if (document.querySelector('#testReportDiv1').style.display === 'none') {","                    document.querySelector('#testReportDiv1').style.display = 'block';","                    document.querySelector('#testRunButton1').textContent =","                        'hide internal test';","                    local.modeTest = true;","                    local.testRunDefault(local);","                // hide tests","                } else {","                    document.querySelector('#testReportDiv1').style.display = 'none';","                    document.querySelector('#testRunButton1').textContent = 'run internal test';","                }","                break;","            // custom-case","            default:","                break;","            }","            if (document.querySelector('#inputTextareaEval1') && (!event || (event &&","                    event.currentTarget &&","                    event.currentTarget.className &&","                    event.currentTarget.className.includes &&","                    event.currentTarget.className.includes('oneval')))) {","                // try to eval input-code","                try {","                    /*jslint evil: true*/","                    eval(document.querySelector('#inputTextareaEval1').value);","                } catch (errorCaught) {","                    console.error(errorCaught);","                }","            }","        };","        // log stderr and stdout to #outputTextareaStdout1","        ['error', 'log'].forEach(function (key) {","            console[key + '_original'] = console[key];","            console[key] = function () {","                var element;","                console[key + '_original'].apply(console, arguments);","                element = document.querySelector('#outputTextareaStdout1');","                if (!element) {","                    return;","                }","                // append text to #outputTextareaStdout1","                element.value += Array.from(arguments).map(function (arg) {","                    return typeof arg === 'string'","                        ? arg","                        : JSON.stringify(arg, null, 4);","                }).join(' ') + '\\n';","                // scroll textarea to bottom","                element.scrollTop = element.scrollHeight;","            };","        });","        // init event-handling","        ['change', 'click', 'keyup'].forEach(function (event) {","            Array.from(document.querySelectorAll('.on' + event)).forEach(function (element) {","                element.addEventListener(event, local.testRunBrowser);","            });","        });","        // run tests","        local.testRunBrowser();","        break;","","","","    // run node js-env code - post-init","    /* istanbul ignore next */","    case 'node':","        // export local","        module.exports = local;","        // require modules","        local.fs = require('fs');","        local.http = require('http');","        local.url = require('url');","        // init assets","        local.assetsDict = local.assetsDict || {};","        /* jslint-ignore-begin */","        local.assetsDict['/assets.index.template.html'] = '\\","<!doctype html>\\n\\","<html lang=\"en\">\\n\\","<head>\\n\\","<meta charset=\"UTF-8\">\\n\\","<meta name=\"viewport\" content=\"width=device-width, initial-scale=1\">\\n\\","<title>{{env.npm_package_name}} (v{{env.npm_package_version}})</title>\\n\\","<style>\\n\\","/*csslint\\n\\","    box-sizing: false,\\n\\","    universal-selector: false\\n\\","*/\\n\\","* {\\n\\","    box-sizing: border-box;\\n\\","}\\n\\","body {\\n\\","    background: #dde;\\n\\","    font-family: Arial, Helvetica, sans-serif;\\n\\","    margin: 2rem;\\n\\","}\\n\\","body > * {\\n\\","    margin-bottom: 1rem;\\n\\","}\\n\\",".utility2FooterDiv {\\n\\","    margin-top: 20px;\\n\\","    text-align: center;\\n\\","}\\n\\","</style>\\n\\","<style>\\n\\","/*csslint\\n\\","*/\\n\\","textarea {\\n\\","    font-family: monospace;\\n\\","    height: 10rem;\\n\\","    width: 100%;\\n\\","}\\n\\","textarea[readonly] {\\n\\","    background: #ddd;\\n\\","}\\n\\","</style>\\n\\","</head>\\n\\","<body>\\n\\","<!-- utility2-comment\\n\\","<div id=\"ajaxProgressDiv1\" style=\"background: #d00; height: 2px; left: 0; margin: 0; padding: 0; position: fixed; top: 0; transition: background 0.5s, width 1.5s; width: 25%;\"></div>\\n\\","utility2-comment -->\\n\\","<h1>\\n\\","<!-- utility2-comment\\n\\","    <a\\n\\","        {{#if env.npm_package_homepage}}\\n\\","        href=\"{{env.npm_package_homepage}}\"\\n\\","        {{/if env.npm_package_homepage}}\\n\\","        target=\"_blank\"\\n\\","    >\\n\\","utility2-comment -->\\n\\","        {{env.npm_package_name}} (v{{env.npm_package_version}})\\n\\","<!-- utility2-comment\\n\\","    </a>\\n\\","utility2-comment -->\\n\\","</h1>\\n\\","<h3>{{env.npm_package_description}}</h3>\\n\\","<!-- utility2-comment\\n\\","<h4><a download href=\"assets.app.js\">download standalone app</a></h4>\\n\\","<button class=\"onclick onreset\" id=\"testRunButton1\">run internal test</button><br>\\n\\","<div id=\"testReportDiv1\" style=\"display: none;\"></div>\\n\\","utility2-comment -->\\n\\","\\n\\","\\n\\","\\n\\","<label>stderr and stdout</label>\\n\\","<textarea class=\"resettable\" id=\"outputTextareaStdout1\" readonly></textarea>\\n\\","<!-- utility2-comment\\n\\","{{#if isRollup}}\\n\\","<script src=\"assets.app.js\"></script>\\n\\","{{#unless isRollup}}\\n\\","utility2-comment -->\\n\\","<script src=\"assets.utility2.rollup.js\"></script>\\n\\","<script src=\"jsonp.utility2._stateInit?callback=window.utility2._stateInit\"></script>\\n\\","<script src=\"assets.npmtest_tween_js.rollup.js\"></script>\\n\\","<script src=\"assets.example.js\"></script>\\n\\","<script src=\"assets.test.js\"></script>\\n\\","<!-- utility2-comment\\n\\","{{/if isRollup}}\\n\\","utility2-comment -->\\n\\","<div class=\"utility2FooterDiv\">\\n\\","    [ this app was created with\\n\\","    <a href=\"https://github.com/kaizhu256/node-utility2\" target=\"_blank\">utility2</a>\\n\\","    ]\\n\\","</div>\\n\\","</body>\\n\\","</html>\\n\\","';","        /* jslint-ignore-end */","        if (local.templateRender) {","            local.assetsDict['/'] = local.templateRender(","                local.assetsDict['/assets.index.template.html'],","                {","                    env: local.objectSetDefault(local.env, {","                        npm_package_description: 'the greatest app in the world!',","                        npm_package_name: 'my-app',","                        npm_package_nameAlias: 'my_app',","                        npm_package_version: '0.0.1'","                    })","                }","            );","        } else {","            local.assetsDict['/'] = local.assetsDict['/assets.index.template.html']","                .replace((/\\{\\{env\\.(\\w+?)\\}\\}/g), function (match0, match1) {","                    // jslint-hack","                    String(match0);","                    switch (match1) {","                    case 'npm_package_description':","                        return 'the greatest app in the world!';","                    case 'npm_package_name':","                        return 'my-app';","                    case 'npm_package_nameAlias':","                        return 'my_app';","                    case 'npm_package_version':","                        return '0.0.1';","                    }","                });","        }","        // run the cli","        if (local.global.utility2_rollup || module !== require.main) {","            break;","        }","        local.assetsDict['/assets.example.js'] =","            local.assetsDict['/assets.example.js'] ||","            local.fs.readFileSync(__filename, 'utf8');","        local.assetsDict['/assets.npmtest_tween_js.rollup.js'] =","            local.assetsDict['/assets.npmtest_tween_js.rollup.js'] ||","            local.fs.readFileSync(","                // buildCustomOrg-hack","                local.npmtest_tween_js.__dirname +","                    '/lib.npmtest_tween_js.js',","                'utf8'","            ).replace((/^#!/), '//');","        local.assetsDict['/favicon.ico'] = local.assetsDict['/favicon.ico'] || '';","        // if $npm_config_timeout_exit exists,","        // then exit this process after $npm_config_timeout_exit ms","        if (Number(process.env.npm_config_timeout_exit)) {","            setTimeout(process.exit, Number(process.env.npm_config_timeout_exit));","        }","        // start server","        if (local.global.utility2_serverHttp1) {","            break;","        }","        process.env.PORT = process.env.PORT || '8081';","        console.error('server starting on port ' + process.env.PORT);","        local.http.createServer(function (request, response) {","            request.urlParsed = local.url.parse(request.url);","            if (local.assetsDict[request.urlParsed.pathname] !== undefined) {","                response.end(local.assetsDict[request.urlParsed.pathname]);","                return;","            }","            response.statusCode = 404;","            response.end();","        }).listen(process.env.PORT);","        break;","    }","}());",""],"l":{"26":2,"28":2,"33":2,"35":2,"37":2,"38":2,"39":2,"44":1,"51":2,"55":2,"59":2,"61":2,"69":1,"70":2,"76":2,"79":2,"82":2,"83":2,"85":1,"89":2,"92":1,"93":1,"94":1,"96":1,"97":1,"100":1,"101":1,"103":1,"106":1,"108":2,"114":1,"116":1,"118":1,"123":1,"124":2,"125":2,"126":3,"127":3,"128":3,"129":3,"130":1,"133":3,"134":3,"139":3,"143":1,"144":3,"145":1,"149":1,"150":1,"158":1,"160":1,"161":1,"162":1,"164":1,"166":1,"258":1,"259":1,"271":1,"274":6,"275":6,"277":1,"279":2,"281":1,"283":2,"288":1,"289":1,"291":1,"294":1,"302":1,"305":1,"306":1,"309":1,"310":1,"312":1,"313":1,"314":1,"315":1,"316":1,"317":1,"318":1,"320":1,"321":1,"323":1}},"/home/travis/build/npmtest/node-npmtest-tween.js/node_modules/tween.js/src/Tween.js":{"path":"/home/travis/build/npmtest/node-npmtest-tween.js/node_modules/tween.js/src/Tween.js","s":{"1":1,"2":1,"3":1,"4":0,"5":0,"6":0,"7":0,"8":0,"9":0,"10":0,"11":0,"12":0,"13":0,"14":0,"15":0,"16":0,"17":0,"18":0,"19":1,"20":1,"21":0,"22":0,"23":0,"24":0,"25":0,"26":0,"27":0,"28":0,"29":1,"30":0,"31":0,"32":0,"33":0,"34":0,"35":0,"36":0,"37":0,"38":0,"39":0,"40":0,"41":0,"42":0,"43":0,"44":0,"45":0,"46":0,"47":0,"48":0,"49":0,"50":0,"51":0,"52":0,"53":0,"54":0,"55":0,"56":0,"57":0,"58":0,"59":0,"60":0,"61":0,"62":0,"63":0,"64":0,"65":0,"66":0,"67":0,"68":0,"69":0,"70":0,"71":0,"72":0,"73":0,"74":0,"75":0,"76":0,"77":0,"78":0,"79":0,"80":0,"81":0,"82":0,"83":0,"84":0,"85":0,"86":0,"87":0,"88":0,"89":0,"90":0,"91":0,"92":0,"93":0,"94":0,"95":0,"96":0,"97":0,"98":0,"99":0,"100":0,"101":0,"102":0,"103":0,"104":0,"105":0,"106":0,"107":0,"108":0,"109":0,"110":0,"111":0,"112":0,"113":0,"114":0,"115":0,"116":0,"117":0,"118":0,"119":0,"120":0,"121":0,"122":0,"123":0,"124":0,"125":0,"126":0,"127":0,"128":0,"129":0,"130":0,"131":0,"132":0,"133":0,"134":0,"135":0,"136":0,"137":0,"138":0,"139":0,"140":0,"141":0,"142":0,"143":0,"144":0,"145":0,"146":0,"147":0,"148":0,"149":0,"150":0,"151":0,"152":0,"153":0,"154":0,"155":0,"156":0,"157":0,"158":0,"159":0,"160":0,"161":0,"162":0,"163":0,"164":0,"165":0,"166":0,"167":0,"168":0,"169":0,"170":0,"171":0,"172":0,"173":1,"174":0,"175":0,"176":0,"177":0,"178":0,"179":0,"180":0,"181":0,"182":0,"183":0,"184":0,"185":0,"186":0,"187":0,"188":0,"189":0,"190":0,"191":0,"192":0,"193":0,"194":0,"195":0,"196":0,"197":0,"198":0,"199":0,"200":0,"201":0,"202":0,"203":0,"204":0,"205":0,"206":0,"207":0,"208":0,"209":0,"210":0,"211":0,"212":0,"213":0,"214":0,"215":0,"216":0,"217":0,"218":0,"219":0,"220":0,"221":0,"222":0,"223":0,"224":0,"225":0,"226":0,"227":0,"228":0,"229":0,"230":0,"231":0,"232":0,"233":0,"234":0,"235":0,"236":0,"237":0,"238":0,"239":0,"240":0,"241":0,"242":0,"243":0,"244":0,"245":0,"246":0,"247":0,"248":0,"249":1,"250":0,"251":0,"252":0,"253":0,"254":0,"255":0,"256":0,"257":0,"258":0,"259":0,"260":0,"261":0,"262":0,"263":0,"264":0,"265":0,"266":0,"267":0,"268":0,"269":0,"270":0,"271":0,"272":0,"273":0,"274":0,"275":0,"276":0,"277":0,"278":0,"279":0,"280":0,"281":0,"282":1,"283":1,"284":0,"285":0,"286":0,"287":0,"288":0,"289":0,"290":0,"291":0,"292":0,"293":0,"294":0,"295":0,"296":1,"297":1,"298":0,"299":0,"300":1,"301":1,"302":0,"303":0},"b":{"1":[1,1],"2":[0,0],"3":[0,0],"4":[0,0],"5":[0,0],"6":[0,0],"7":[1,0],"8":[1,1],"9":[0,0],"10":[0,0,0],"11":[0,0],"12":[0,0],"13":[0,0],"14":[0,0],"15":[0,0],"16":[0,0],"17":[0,0],"18":[0,0],"19":[0,0],"20":[0,0],"21":[0,0],"22":[0,0],"23":[0,0],"24":[0,0],"25":[0,0],"26":[0,0],"27":[0,0],"28":[0,0],"29":[0,0],"30":[0,0],"31":[0,0],"32":[0,0],"33":[0,0],"34":[0,0],"35":[0,0],"36":[0,0],"37":[0,0],"38":[0,0],"39":[0,0],"40":[0,0],"41":[0,0],"42":[0,0],"43":[0,0],"44":[0,0],"45":[0,0],"46":[0,0],"47":[0,0],"48":[0,0],"49":[0,0],"50":[0,0],"51":[0,0],"52":[0,0],"53":[0,0],"54":[0,0],"55":[0,0],"56":[0,0],"57":[0,0],"58":[0,0],"59":[0,0],"60":[0,0],"61":[0,0],"62":[0,0],"63":[0,0],"64":[0,0],"65":[0,0],"66":[0,0],"67":[0,0],"68":[0,0],"69":[0,0],"70":[0,0],"71":[0,0],"72":[0,0],"73":[0,0],"74":[0,1],"75":[1,0],"76":[1,0],"77":[1,1],"78":[0,0]},"f":{"1":1,"2":0,"3":0,"4":0,"5":0,"6":0,"7":0,"8":0,"9":0,"10":0,"11":0,"12":0,"13":0,"14":0,"15":0,"16":0,"17":0,"18":0,"19":0,"20":0,"21":0,"22":0,"23":0,"24":0,"25":0,"26":0,"27":0,"28":0,"29":0,"30":0,"31":0,"32":0,"33":0,"34":0,"35":0,"36":0,"37":0,"38":0,"39":0,"40":0,"41":0,"42":0,"43":0,"44":0,"45":0,"46":0,"47":0,"48":0,"49":0,"50":0,"51":0,"52":0,"53":0,"54":0,"55":0,"56":0,"57":0,"58":0,"59":0,"60":0,"61":0,"62":0,"63":1,"64":0,"65":0,"66":1,"67":0},"fnMap":{"1":{"name":"(anonymous_1)","line":10,"loc":{"start":{"line":10,"column":22},"end":{"line":10,"column":34}}},"2":{"name":"(anonymous_2)","line":16,"loc":{"start":{"line":16,"column":10},"end":{"line":16,"column":22}}},"3":{"name":"(anonymous_3)","line":22,"loc":{"start":{"line":22,"column":13},"end":{"line":22,"column":25}}},"4":{"name":"(anonymous_4)","line":28,"loc":{"start":{"line":28,"column":7},"end":{"line":28,"column":24}}},"5":{"name":"(anonymous_5)","line":34,"loc":{"start":{"line":34,"column":10},"end":{"line":34,"column":27}}},"6":{"name":"(anonymous_6)","line":44,"loc":{"start":{"line":44,"column":10},"end":{"line":44,"column":36}}},"7":{"name":"(anonymous_7)","line":75,"loc":{"start":{"line":75,"column":13},"end":{"line":75,"column":25}}},"8":{"name":"(anonymous_8)","line":96,"loc":{"start":{"line":96,"column":13},"end":{"line":96,"column":25}}},"9":{"name":"(anonymous_9)","line":102,"loc":{"start":{"line":102,"column":14},"end":{"line":102,"column":32}}},"10":{"name":"(anonymous_10)","line":125,"loc":{"start":{"line":125,"column":11},"end":{"line":125,"column":43}}},"11":{"name":"(anonymous_11)","line":137,"loc":{"start":{"line":137,"column":14},"end":{"line":137,"column":30}}},"12":{"name":"(anonymous_12)","line":183,"loc":{"start":{"line":183,"column":13},"end":{"line":183,"column":25}}},"13":{"name":"(anonymous_13)","line":201,"loc":{"start":{"line":201,"column":12},"end":{"line":201,"column":24}}},"14":{"name":"(anonymous_14)","line":208,"loc":{"start":{"line":208,"column":26},"end":{"line":208,"column":38}}},"15":{"name":"(anonymous_15)","line":216,"loc":{"start":{"line":216,"column":14},"end":{"line":216,"column":32}}},"16":{"name":"(anonymous_16)","line":223,"loc":{"start":{"line":223,"column":15},"end":{"line":223,"column":32}}},"17":{"name":"(anonymous_17)","line":230,"loc":{"start":{"line":230,"column":20},"end":{"line":230,"column":38}}},"18":{"name":"(anonymous_18)","line":237,"loc":{"start":{"line":237,"column":13},"end":{"line":237,"column":29}}},"19":{"name":"(anonymous_19)","line":245,"loc":{"start":{"line":245,"column":15},"end":{"line":245,"column":33}}},"20":{"name":"(anonymous_20)","line":252,"loc":{"start":{"line":252,"column":22},"end":{"line":252,"column":47}}},"21":{"name":"(anonymous_21)","line":259,"loc":{"start":{"line":259,"column":14},"end":{"line":259,"column":26}}},"22":{"name":"(anonymous_22)","line":266,"loc":{"start":{"line":266,"column":16},"end":{"line":266,"column":36}}},"23":{"name":"(anonymous_23)","line":273,"loc":{"start":{"line":273,"column":17},"end":{"line":273,"column":37}}},"24":{"name":"(anonymous_24)","line":280,"loc":{"start":{"line":280,"column":19},"end":{"line":280,"column":39}}},"25":{"name":"(anonymous_25)","line":287,"loc":{"start":{"line":287,"column":15},"end":{"line":287,"column":35}}},"26":{"name":"(anonymous_26)","line":294,"loc":{"start":{"line":294,"column":15},"end":{"line":294,"column":31}}},"27":{"name":"(anonymous_27)","line":425,"loc":{"start":{"line":425,"column":8},"end":{"line":425,"column":21}}},"28":{"name":"(anonymous_28)","line":435,"loc":{"start":{"line":435,"column":6},"end":{"line":435,"column":19}}},"29":{"name":"(anonymous_29)","line":441,"loc":{"start":{"line":441,"column":7},"end":{"line":441,"column":20}}},"30":{"name":"(anonymous_30)","line":447,"loc":{"start":{"line":447,"column":9},"end":{"line":447,"column":22}}},"31":{"name":"(anonymous_31)","line":461,"loc":{"start":{"line":461,"column":6},"end":{"line":461,"column":19}}},"32":{"name":"(anonymous_32)","line":467,"loc":{"start":{"line":467,"column":7},"end":{"line":467,"column":20}}},"33":{"name":"(anonymous_33)","line":473,"loc":{"start":{"line":473,"column":9},"end":{"line":473,"column":22}}},"34":{"name":"(anonymous_34)","line":487,"loc":{"start":{"line":487,"column":6},"end":{"line":487,"column":19}}},"35":{"name":"(anonymous_35)","line":493,"loc":{"start":{"line":493,"column":7},"end":{"line":493,"column":20}}},"36":{"name":"(anonymous_36)","line":499,"loc":{"start":{"line":499,"column":9},"end":{"line":499,"column":22}}},"37":{"name":"(anonymous_37)","line":513,"loc":{"start":{"line":513,"column":6},"end":{"line":513,"column":19}}},"38":{"name":"(anonymous_38)","line":519,"loc":{"start":{"line":519,"column":7},"end":{"line":519,"column":20}}},"39":{"name":"(anonymous_39)","line":525,"loc":{"start":{"line":525,"column":9},"end":{"line":525,"column":22}}},"40":{"name":"(anonymous_40)","line":539,"loc":{"start":{"line":539,"column":6},"end":{"line":539,"column":19}}},"41":{"name":"(anonymous_41)","line":545,"loc":{"start":{"line":545,"column":7},"end":{"line":545,"column":20}}},"42":{"name":"(anonymous_42)","line":551,"loc":{"start":{"line":551,"column":9},"end":{"line":551,"column":22}}},"43":{"name":"(anonymous_43)","line":561,"loc":{"start":{"line":561,"column":6},"end":{"line":561,"column":19}}},"44":{"name":"(anonymous_44)","line":567,"loc":{"start":{"line":567,"column":7},"end":{"line":567,"column":20}}},"45":{"name":"(anonymous_45)","line":573,"loc":{"start":{"line":573,"column":9},"end":{"line":573,"column":22}}},"46":{"name":"(anonymous_46)","line":595,"loc":{"start":{"line":595,"column":6},"end":{"line":595,"column":19}}},"47":{"name":"(anonymous_47)","line":601,"loc":{"start":{"line":601,"column":7},"end":{"line":601,"column":20}}},"48":{"name":"(anonymous_48)","line":607,"loc":{"start":{"line":607,"column":9},"end":{"line":607,"column":22}}},"49":{"name":"(anonymous_49)","line":621,"loc":{"start":{"line":621,"column":6},"end":{"line":621,"column":19}}},"50":{"name":"(anonymous_50)","line":635,"loc":{"start":{"line":635,"column":7},"end":{"line":635,"column":20}}},"51":{"name":"(anonymous_51)","line":649,"loc":{"start":{"line":649,"column":9},"end":{"line":649,"column":22}}},"52":{"name":"(anonymous_52)","line":673,"loc":{"start":{"line":673,"column":6},"end":{"line":673,"column":19}}},"53":{"name":"(anonymous_53)","line":681,"loc":{"start":{"line":681,"column":7},"end":{"line":681,"column":20}}},"54":{"name":"(anonymous_54)","line":689,"loc":{"start":{"line":689,"column":9},"end":{"line":689,"column":22}}},"55":{"name":"(anonymous_55)","line":705,"loc":{"start":{"line":705,"column":6},"end":{"line":705,"column":19}}},"56":{"name":"(anonymous_56)","line":711,"loc":{"start":{"line":711,"column":7},"end":{"line":711,"column":20}}},"57":{"name":"(anonymous_57)","line":725,"loc":{"start":{"line":725,"column":9},"end":{"line":725,"column":22}}},"58":{"name":"(anonymous_58)","line":741,"loc":{"start":{"line":741,"column":9},"end":{"line":741,"column":25}}},"59":{"name":"(anonymous_59)","line":760,"loc":{"start":{"line":760,"column":9},"end":{"line":760,"column":25}}},"60":{"name":"(anonymous_60)","line":775,"loc":{"start":{"line":775,"column":13},"end":{"line":775,"column":29}}},"61":{"name":"(anonymous_61)","line":808,"loc":{"start":{"line":808,"column":10},"end":{"line":808,"column":31}}},"62":{"name":"(anonymous_62)","line":814,"loc":{"start":{"line":814,"column":13},"end":{"line":814,"column":29}}},"63":{"name":"(anonymous_63)","line":822,"loc":{"start":{"line":822,"column":14},"end":{"line":822,"column":26}}},"64":{"name":"(anonymous_64)","line":826,"loc":{"start":{"line":826,"column":10},"end":{"line":826,"column":23}}},"65":{"name":"(anonymous_65)","line":845,"loc":{"start":{"line":845,"column":14},"end":{"line":845,"column":43}}},"66":{"name":"(anonymous_66)","line":861,"loc":{"start":{"line":861,"column":1},"end":{"line":861,"column":17}}},"67":{"name":"(anonymous_67)","line":866,"loc":{"start":{"line":866,"column":13},"end":{"line":866,"column":25}}}},"statementMap":{"1":{"start":{"line":10,"column":0},"end":{"line":69,"column":5}},"2":{"start":{"line":12,"column":1},"end":{"line":12,"column":18}},"3":{"start":{"line":14,"column":1},"end":{"line":67,"column":3}},"4":{"start":{"line":18,"column":3},"end":{"line":18,"column":18}},"5":{"start":{"line":24,"column":3},"end":{"line":24,"column":16}},"6":{"start":{"line":30,"column":3},"end":{"line":30,"column":23}},"7":{"start":{"line":36,"column":3},"end":{"line":36,"column":34}},"8":{"start":{"line":38,"column":3},"end":{"line":40,"column":4}},"9":{"start":{"line":39,"column":4},"end":{"line":39,"column":25}},"10":{"start":{"line":46,"column":3},"end":{"line":48,"column":4}},"11":{"start":{"line":47,"column":4},"end":{"line":47,"column":17}},"12":{"start":{"line":50,"column":3},"end":{"line":50,"column":13}},"13":{"start":{"line":52,"column":3},"end":{"line":52,"column":50}},"14":{"start":{"line":54,"column":3},"end":{"line":62,"column":4}},"15":{"start":{"line":56,"column":4},"end":{"line":60,"column":5}},"16":{"start":{"line":57,"column":5},"end":{"line":57,"column":9}},"17":{"start":{"line":59,"column":5},"end":{"line":59,"column":26}},"18":{"start":{"line":64,"column":3},"end":{"line":64,"column":15}},"19":{"start":{"line":74,"column":0},"end":{"line":99,"column":1}},"20":{"start":{"line":75,"column":1},"end":{"line":80,"column":3}},"21":{"start":{"line":76,"column":2},"end":{"line":76,"column":30}},"22":{"start":{"line":79,"column":2},"end":{"line":79,"column":44}},"23":{"start":{"line":83,"column":5},"end":{"line":99,"column":1}},"24":{"start":{"line":88,"column":1},"end":{"line":88,"column":61}},"25":{"start":{"line":91,"column":5},"end":{"line":99,"column":1}},"26":{"start":{"line":92,"column":1},"end":{"line":92,"column":22}},"27":{"start":{"line":96,"column":1},"end":{"line":98,"column":3}},"28":{"start":{"line":97,"column":2},"end":{"line":97,"column":30}},"29":{"start":{"line":102,"column":0},"end":{"line":418,"column":2}},"30":{"start":{"line":104,"column":1},"end":{"line":104,"column":22}},"31":{"start":{"line":105,"column":1},"end":{"line":105,"column":23}},"32":{"start":{"line":106,"column":1},"end":{"line":106,"column":21}},"33":{"start":{"line":107,"column":1},"end":{"line":107,"column":29}},"34":{"start":{"line":108,"column":1},"end":{"line":108,"column":22}},"35":{"start":{"line":109,"column":1},"end":{"line":109,"column":17}},"36":{"start":{"line":110,"column":1},"end":{"line":110,"column":22}},"37":{"start":{"line":111,"column":1},"end":{"line":111,"column":19}},"38":{"start":{"line":112,"column":1},"end":{"line":112,"column":24}},"39":{"start":{"line":113,"column":1},"end":{"line":113,"column":23}},"40":{"start":{"line":114,"column":1},"end":{"line":114,"column":20}},"41":{"start":{"line":115,"column":1},"end":{"line":115,"column":23}},"42":{"start":{"line":116,"column":1},"end":{"line":116,"column":48}},"43":{"start":{"line":117,"column":1},"end":{"line":117,"column":57}},"44":{"start":{"line":118,"column":1},"end":{"line":118,"column":25}},"45":{"start":{"line":119,"column":1},"end":{"line":119,"column":29}},"46":{"start":{"line":120,"column":1},"end":{"line":120,"column":35}},"47":{"start":{"line":121,"column":1},"end":{"line":121,"column":30}},"48":{"start":{"line":122,"column":1},"end":{"line":122,"column":32}},"49":{"start":{"line":123,"column":1},"end":{"line":123,"column":28}},"50":{"start":{"line":125,"column":1},"end":{"line":135,"column":3}},"51":{"start":{"line":127,"column":2},"end":{"line":127,"column":26}},"52":{"start":{"line":129,"column":2},"end":{"line":131,"column":3}},"53":{"start":{"line":130,"column":3},"end":{"line":130,"column":24}},"54":{"start":{"line":133,"column":2},"end":{"line":133,"column":14}},"55":{"start":{"line":137,"column":1},"end":{"line":181,"column":3}},"56":{"start":{"line":139,"column":2},"end":{"line":139,"column":18}},"57":{"start":{"line":141,"column":2},"end":{"line":141,"column":20}},"58":{"start":{"line":143,"column":2},"end":{"line":143,"column":32}},"59":{"start":{"line":145,"column":2},"end":{"line":145,"column":55}},"60":{"start":{"line":146,"column":2},"end":{"line":146,"column":27}},"61":{"start":{"line":148,"column":2},"end":{"line":177,"column":3}},"62":{"start":{"line":151,"column":3},"end":{"line":160,"column":4}},"63":{"start":{"line":153,"column":4},"end":{"line":155,"column":5}},"64":{"start":{"line":154,"column":5},"end":{"line":154,"column":14}},"65":{"start":{"line":158,"column":4},"end":{"line":158,"column":76}},"66":{"start":{"line":164,"column":3},"end":{"line":166,"column":4}},"67":{"start":{"line":165,"column":4},"end":{"line":165,"column":13}},"68":{"start":{"line":169,"column":3},"end":{"line":169,"column":46}},"69":{"start":{"line":171,"column":3},"end":{"line":173,"column":4}},"70":{"start":{"line":172,"column":4},"end":{"line":172,"column":34}},"71":{"start":{"line":175,"column":3},"end":{"line":175,"column":62}},"72":{"start":{"line":179,"column":2},"end":{"line":179,"column":14}},"73":{"start":{"line":183,"column":1},"end":{"line":199,"column":3}},"74":{"start":{"line":185,"column":2},"end":{"line":187,"column":3}},"75":{"start":{"line":186,"column":3},"end":{"line":186,"column":15}},"76":{"start":{"line":189,"column":2},"end":{"line":189,"column":21}},"77":{"start":{"line":190,"column":2},"end":{"line":190,"column":21}},"78":{"start":{"line":192,"column":2},"end":{"line":194,"column":3}},"79":{"start":{"line":193,"column":3},"end":{"line":193,"column":42}},"80":{"start":{"line":196,"column":2},"end":{"line":196,"column":27}},"81":{"start":{"line":197,"column":2},"end":{"line":197,"column":14}},"82":{"start":{"line":201,"column":1},"end":{"line":206,"column":3}},"83":{"start":{"line":203,"column":2},"end":{"line":203,"column":38}},"84":{"start":{"line":204,"column":2},"end":{"line":204,"column":14}},"85":{"start":{"line":208,"column":1},"end":{"line":214,"column":3}},"86":{"start":{"line":210,"column":2},"end":{"line":212,"column":3}},"87":{"start":{"line":211,"column":3},"end":{"line":211,"column":28}},"88":{"start":{"line":216,"column":1},"end":{"line":221,"column":3}},"89":{"start":{"line":218,"column":2},"end":{"line":218,"column":22}},"90":{"start":{"line":219,"column":2},"end":{"line":219,"column":14}},"91":{"start":{"line":223,"column":1},"end":{"line":228,"column":3}},"92":{"start":{"line":225,"column":2},"end":{"line":225,"column":18}},"93":{"start":{"line":226,"column":2},"end":{"line":226,"column":14}},"94":{"start":{"line":230,"column":1},"end":{"line":235,"column":3}},"95":{"start":{"line":232,"column":2},"end":{"line":232,"column":28}},"96":{"start":{"line":233,"column":2},"end":{"line":233,"column":14}},"97":{"start":{"line":237,"column":1},"end":{"line":242,"column":3}},"98":{"start":{"line":239,"column":2},"end":{"line":239,"column":15}},"99":{"start":{"line":240,"column":2},"end":{"line":240,"column":14}},"100":{"start":{"line":245,"column":1},"end":{"line":250,"column":3}},"101":{"start":{"line":247,"column":2},"end":{"line":247,"column":27}},"102":{"start":{"line":248,"column":2},"end":{"line":248,"column":14}},"103":{"start":{"line":252,"column":1},"end":{"line":257,"column":3}},"104":{"start":{"line":254,"column":2},"end":{"line":254,"column":41}},"105":{"start":{"line":255,"column":2},"end":{"line":255,"column":14}},"106":{"start":{"line":259,"column":1},"end":{"line":264,"column":3}},"107":{"start":{"line":261,"column":2},"end":{"line":261,"column":29}},"108":{"start":{"line":262,"column":2},"end":{"line":262,"column":14}},"109":{"start":{"line":266,"column":1},"end":{"line":271,"column":3}},"110":{"start":{"line":268,"column":2},"end":{"line":268,"column":30}},"111":{"start":{"line":269,"column":2},"end":{"line":269,"column":14}},"112":{"start":{"line":273,"column":1},"end":{"line":278,"column":3}},"113":{"start":{"line":275,"column":2},"end":{"line":275,"column":31}},"114":{"start":{"line":276,"column":2},"end":{"line":276,"column":14}},"115":{"start":{"line":280,"column":1},"end":{"line":285,"column":3}},"116":{"start":{"line":282,"column":2},"end":{"line":282,"column":33}},"117":{"start":{"line":283,"column":2},"end":{"line":283,"column":14}},"118":{"start":{"line":287,"column":1},"end":{"line":292,"column":3}},"119":{"start":{"line":289,"column":2},"end":{"line":289,"column":29}},"120":{"start":{"line":290,"column":2},"end":{"line":290,"column":14}},"121":{"start":{"line":294,"column":1},"end":{"line":416,"column":3}},"122":{"start":{"line":296,"column":2},"end":{"line":296,"column":15}},"123":{"start":{"line":297,"column":2},"end":{"line":297,"column":14}},"124":{"start":{"line":298,"column":2},"end":{"line":298,"column":12}},"125":{"start":{"line":300,"column":2},"end":{"line":302,"column":3}},"126":{"start":{"line":301,"column":3},"end":{"line":301,"column":15}},"127":{"start":{"line":304,"column":2},"end":{"line":311,"column":3}},"128":{"start":{"line":306,"column":3},"end":{"line":308,"column":4}},"129":{"start":{"line":307,"column":4},"end":{"line":307,"column":44}},"130":{"start":{"line":310,"column":3},"end":{"line":310,"column":32}},"131":{"start":{"line":313,"column":2},"end":{"line":313,"column":44}},"132":{"start":{"line":314,"column":2},"end":{"line":314,"column":38}},"133":{"start":{"line":316,"column":2},"end":{"line":316,"column":35}},"134":{"start":{"line":318,"column":2},"end":{"line":351,"column":3}},"135":{"start":{"line":321,"column":3},"end":{"line":323,"column":4}},"136":{"start":{"line":322,"column":4},"end":{"line":322,"column":13}},"137":{"start":{"line":325,"column":3},"end":{"line":325,"column":43}},"138":{"start":{"line":326,"column":3},"end":{"line":326,"column":34}},"139":{"start":{"line":328,"column":3},"end":{"line":349,"column":4}},"140":{"start":{"line":330,"column":4},"end":{"line":330,"column":59}},"141":{"start":{"line":335,"column":4},"end":{"line":342,"column":5}},"142":{"start":{"line":337,"column":5},"end":{"line":341,"column":6}},"143":{"start":{"line":338,"column":6},"end":{"line":338,"column":36}},"144":{"start":{"line":340,"column":6},"end":{"line":340,"column":28}},"145":{"start":{"line":345,"column":4},"end":{"line":347,"column":5}},"146":{"start":{"line":346,"column":5},"end":{"line":346,"column":55}},"147":{"start":{"line":353,"column":2},"end":{"line":355,"column":3}},"148":{"start":{"line":354,"column":3},"end":{"line":354,"column":42}},"149":{"start":{"line":357,"column":2},"end":{"line":412,"column":3}},"150":{"start":{"line":359,"column":3},"end":{"line":410,"column":4}},"151":{"start":{"line":361,"column":4},"end":{"line":363,"column":5}},"152":{"start":{"line":362,"column":5},"end":{"line":362,"column":15}},"153":{"start":{"line":366,"column":4},"end":{"line":381,"column":5}},"154":{"start":{"line":368,"column":5},"end":{"line":370,"column":6}},"155":{"start":{"line":369,"column":6},"end":{"line":369,"column":101}},"156":{"start":{"line":372,"column":5},"end":{"line":377,"column":6}},"157":{"start":{"line":373,"column":6},"end":{"line":373,"column":45}},"158":{"start":{"line":375,"column":6},"end":{"line":375,"column":58}},"159":{"start":{"line":376,"column":6},"end":{"line":376,"column":33}},"160":{"start":{"line":379,"column":5},"end":{"line":379,"column":59}},"161":{"start":{"line":383,"column":4},"end":{"line":385,"column":5}},"162":{"start":{"line":384,"column":5},"end":{"line":384,"column":28}},"163":{"start":{"line":387,"column":4},"end":{"line":391,"column":5}},"164":{"start":{"line":388,"column":5},"end":{"line":388,"column":42}},"165":{"start":{"line":390,"column":5},"end":{"line":390,"column":36}},"166":{"start":{"line":393,"column":4},"end":{"line":393,"column":16}},"167":{"start":{"line":397,"column":4},"end":{"line":400,"column":5}},"168":{"start":{"line":399,"column":5},"end":{"line":399,"column":48}},"169":{"start":{"line":402,"column":4},"end":{"line":406,"column":5}},"170":{"start":{"line":405,"column":5},"end":{"line":405,"column":53}},"171":{"start":{"line":408,"column":4},"end":{"line":408,"column":17}},"172":{"start":{"line":414,"column":2},"end":{"line":414,"column":14}},"173":{"start":{"line":421,"column":0},"end":{"line":737,"column":2}},"174":{"start":{"line":427,"column":3},"end":{"line":427,"column":12}},"175":{"start":{"line":437,"column":3},"end":{"line":437,"column":16}},"176":{"start":{"line":443,"column":3},"end":{"line":443,"column":22}},"177":{"start":{"line":449,"column":3},"end":{"line":451,"column":4}},"178":{"start":{"line":450,"column":4},"end":{"line":450,"column":23}},"179":{"start":{"line":453,"column":3},"end":{"line":453,"column":38}},"180":{"start":{"line":463,"column":3},"end":{"line":463,"column":20}},"181":{"start":{"line":469,"column":3},"end":{"line":469,"column":26}},"182":{"start":{"line":475,"column":3},"end":{"line":477,"column":4}},"183":{"start":{"line":476,"column":4},"end":{"line":476,"column":27}},"184":{"start":{"line":479,"column":3},"end":{"line":479,"column":39}},"185":{"start":{"line":489,"column":3},"end":{"line":489,"column":24}},"186":{"start":{"line":495,"column":3},"end":{"line":495,"column":32}},"187":{"start":{"line":501,"column":3},"end":{"line":503,"column":4}},"188":{"start":{"line":502,"column":4},"end":{"line":502,"column":31}},"189":{"start":{"line":505,"column":3},"end":{"line":505,"column":45}},"190":{"start":{"line":515,"column":3},"end":{"line":515,"column":28}},"191":{"start":{"line":521,"column":3},"end":{"line":521,"column":34}},"192":{"start":{"line":527,"column":3},"end":{"line":529,"column":4}},"193":{"start":{"line":528,"column":4},"end":{"line":528,"column":35}},"194":{"start":{"line":531,"column":3},"end":{"line":531,"column":47}},"195":{"start":{"line":541,"column":3},"end":{"line":541,"column":40}},"196":{"start":{"line":547,"column":3},"end":{"line":547,"column":36}},"197":{"start":{"line":553,"column":3},"end":{"line":553,"column":44}},"198":{"start":{"line":563,"column":3},"end":{"line":563,"column":46}},"199":{"start":{"line":569,"column":3},"end":{"line":569,"column":50}},"200":{"start":{"line":575,"column":3},"end":{"line":577,"column":4}},"201":{"start":{"line":576,"column":4},"end":{"line":576,"column":13}},"202":{"start":{"line":579,"column":3},"end":{"line":581,"column":4}},"203":{"start":{"line":580,"column":4},"end":{"line":580,"column":13}},"204":{"start":{"line":583,"column":3},"end":{"line":585,"column":4}},"205":{"start":{"line":584,"column":4},"end":{"line":584,"column":39}},"206":{"start":{"line":587,"column":3},"end":{"line":587,"column":52}},"207":{"start":{"line":597,"column":3},"end":{"line":597,"column":35}},"208":{"start":{"line":603,"column":3},"end":{"line":603,"column":35}},"209":{"start":{"line":609,"column":3},"end":{"line":611,"column":4}},"210":{"start":{"line":610,"column":4},"end":{"line":610,"column":46}},"211":{"start":{"line":613,"column":3},"end":{"line":613,"column":50}},"212":{"start":{"line":623,"column":3},"end":{"line":625,"column":4}},"213":{"start":{"line":624,"column":4},"end":{"line":624,"column":13}},"214":{"start":{"line":627,"column":3},"end":{"line":629,"column":4}},"215":{"start":{"line":628,"column":4},"end":{"line":628,"column":13}},"216":{"start":{"line":631,"column":3},"end":{"line":631,"column":73}},"217":{"start":{"line":637,"column":3},"end":{"line":639,"column":4}},"218":{"start":{"line":638,"column":4},"end":{"line":638,"column":13}},"219":{"start":{"line":641,"column":3},"end":{"line":643,"column":4}},"220":{"start":{"line":642,"column":4},"end":{"line":642,"column":13}},"221":{"start":{"line":645,"column":3},"end":{"line":645,"column":71}},"222":{"start":{"line":651,"column":3},"end":{"line":653,"column":4}},"223":{"start":{"line":652,"column":4},"end":{"line":652,"column":13}},"224":{"start":{"line":655,"column":3},"end":{"line":657,"column":4}},"225":{"start":{"line":656,"column":4},"end":{"line":656,"column":13}},"226":{"start":{"line":659,"column":3},"end":{"line":659,"column":10}},"227":{"start":{"line":661,"column":3},"end":{"line":663,"column":4}},"228":{"start":{"line":662,"column":4},"end":{"line":662,"column":80}},"229":{"start":{"line":665,"column":3},"end":{"line":665,"column":83}},"230":{"start":{"line":675,"column":3},"end":{"line":675,"column":19}},"231":{"start":{"line":677,"column":3},"end":{"line":677,"column":36}},"232":{"start":{"line":683,"column":3},"end":{"line":683,"column":19}},"233":{"start":{"line":685,"column":3},"end":{"line":685,"column":42}},"234":{"start":{"line":691,"column":3},"end":{"line":691,"column":27}},"235":{"start":{"line":693,"column":3},"end":{"line":695,"column":4}},"236":{"start":{"line":694,"column":4},"end":{"line":694,"column":45}},"237":{"start":{"line":697,"column":3},"end":{"line":697,"column":55}},"238":{"start":{"line":707,"column":3},"end":{"line":707,"column":45}},"239":{"start":{"line":713,"column":3},"end":{"line":721,"column":4}},"240":{"start":{"line":714,"column":4},"end":{"line":714,"column":26}},"241":{"start":{"line":715,"column":10},"end":{"line":721,"column":4}},"242":{"start":{"line":716,"column":4},"end":{"line":716,"column":51}},"243":{"start":{"line":717,"column":10},"end":{"line":721,"column":4}},"244":{"start":{"line":718,"column":4},"end":{"line":718,"column":54}},"245":{"start":{"line":720,"column":4},"end":{"line":720,"column":57}},"246":{"start":{"line":727,"column":3},"end":{"line":729,"column":4}},"247":{"start":{"line":728,"column":4},"end":{"line":728,"column":47}},"248":{"start":{"line":731,"column":3},"end":{"line":731,"column":57}},"249":{"start":{"line":739,"column":0},"end":{"line":858,"column":2}},"250":{"start":{"line":743,"column":2},"end":{"line":743,"column":23}},"251":{"start":{"line":744,"column":2},"end":{"line":744,"column":16}},"252":{"start":{"line":745,"column":2},"end":{"line":745,"column":24}},"253":{"start":{"line":746,"column":2},"end":{"line":746,"column":44}},"254":{"start":{"line":748,"column":2},"end":{"line":750,"column":3}},"255":{"start":{"line":749,"column":3},"end":{"line":749,"column":28}},"256":{"start":{"line":752,"column":2},"end":{"line":754,"column":3}},"257":{"start":{"line":753,"column":3},"end":{"line":753,"column":36}},"258":{"start":{"line":756,"column":2},"end":{"line":756,"column":51}},"259":{"start":{"line":762,"column":2},"end":{"line":762,"column":12}},"260":{"start":{"line":763,"column":2},"end":{"line":763,"column":23}},"261":{"start":{"line":764,"column":2},"end":{"line":764,"column":20}},"262":{"start":{"line":765,"column":2},"end":{"line":765,"column":47}},"263":{"start":{"line":767,"column":2},"end":{"line":769,"column":3}},"264":{"start":{"line":768,"column":3},"end":{"line":768,"column":54}},"265":{"start":{"line":771,"column":2},"end":{"line":771,"column":11}},"266":{"start":{"line":777,"column":2},"end":{"line":777,"col
[...]
":1},"end":{"line":863,"column":1}},{"start":{"line":863,"column":1},"end":{"line":863,"column":1}}]},"75":{"line":863,"type":"binary-expr","locations":[{"start":{"line":863,"column":5},"end":{"line":863,"column":33}},{"start":{"line":863,"column":37},"end":{"line":863,"column":47}}]},"76":{"line":870,"type":"if","locations":[{"start":{"line":870,"column":8},"end":{"line":870,"column":8}},{"start":{"line":870,"column":8},"end":{"line":870,"column":8}}]},"77":{"line":870,"type":"binary-expr","locations":[{"start":{"line":870,"column":12},"end":{"line":870,"column":41}},{"start":{"line":870,"column":45},"end":{"line":870,"column":72}}]},"78":{"line":875,"type":"if","locations":[{"start":{"line":875,"column":8},"end":{"line":875,"column":8}},{"start":{"line":875,"column":8},"end":{"line":875,"column":8}}]}},"code":["/**"," * Tween.js - Licensed under the MIT license"," * https://github.com/tweenjs/tween.js"," * ----------------------------------------------"," *"," * See https://github.com/tweenjs/tween.js/graphs/contributors for the full list of contributors."," * Thank you all, you're awesome!"," */","","var TWEEN = TWEEN || (function () {","","\tvar _tweens = [];","","\treturn {","","\t\tgetAll: function () {","","\t\t\treturn _tweens;","","\t\t},","","\t\tremoveAll: function () {","","\t\t\t_tweens = [];","","\t\t},","","\t\tadd: function (tween) {","","\t\t\t_tweens.push(tween);","","\t\t},","","\t\tremove: function (tween) {","","\t\t\tvar i = _tweens.indexOf(tween);","","\t\t\tif (i !== -1) {","\t\t\t\t_tweens.splice(i, 1);","\t\t\t}","","\t\t},","","\t\tupdate: function (time, preserve) {","","\t\t\tif (_tweens.length === 0) {","\t\t\t\treturn false;","\t\t\t}","","\t\t\tvar i = 0;","","\t\t\ttime = time !== undefined ? time : TWEEN.now();","","\t\t\twhile (i < _tweens.length) {","","\t\t\t\tif (_tweens[i].update(time) || preserve) {","\t\t\t\t\ti++;","\t\t\t\t} else {","\t\t\t\t\t_tweens.splice(i, 1);","\t\t\t\t}","","\t\t\t}","","\t\t\treturn true;","","\t\t}","\t};","","})();","","","// Include a performance.now polyfill.","// In node.js, use process.hrtime.","if (typeof (window) === 'undefined' && typeof (process) !== 'undefined') {","\tTWEEN.now = function () {","\t\tvar time = process.hrtime();","","\t\t// Convert [seconds, nanoseconds] to milliseconds.","\t\treturn time[0] * 1000 + time[1] / 1000000;","\t};","}","// In a browser, use window.performance.now if it is available.","else if (typeof (window) !== 'undefined' &&","         window.performance !== undefined &&","\t\t window.performance.now !== undefined) {","\t// This must be bound, because directly assigning this function","\t// leads to an invocation exception in Chrome.","\tTWEEN.now = window.performance.now.bind(window.performance);","}","// Use Date.now if it is available.","else if (Date.now !== undefined) {","\tTWEEN.now = Date.now;","}","// Otherwise, use 'new Date().getTime()'.","else {","\tTWEEN.now = function () {","\t\treturn new Date().getTime();","\t};","}","","","TWEEN.Tween = function (object) {","","\tvar _object = object;","\tvar _valuesStart = {};","\tvar _valuesEnd = {};","\tvar _valuesStartRepeat = {};","\tvar _duration = 1000;","\tvar _repeat = 0;","\tvar _repeatDelayTime;","\tvar _yoyo = false;","\tvar _isPlaying = false;","\tvar _reversed = false;","\tvar _delayTime = 0;","\tvar _startTime = null;","\tvar _easingFunction = TWEEN.Easing.Linear.None;","\tvar _interpolationFunction = TWEEN.Interpolation.Linear;","\tvar _chainedTweens = [];","\tvar _onStartCallback = null;","\tvar _onStartCallbackFired = false;","\tvar _onUpdateCallback = null;","\tvar _onCompleteCallback = null;","\tvar _onStopCallback = null;","","\tthis.to = function (properties, duration) {","","\t\t_valuesEnd = properties;","","\t\tif (duration !== undefined) {","\t\t\t_duration = duration;","\t\t}","","\t\treturn this;","","\t};","","\tthis.start = function (time) {","","\t\tTWEEN.add(this);","","\t\t_isPlaying = true;","","\t\t_onStartCallbackFired = false;","","\t\t_startTime = time !== undefined ? time : TWEEN.now();","\t\t_startTime += _delayTime;","","\t\tfor (var property in _valuesEnd) {","","\t\t\t// Check if an Array was provided as property value","\t\t\tif (_valuesEnd[property] instanceof Array) {","","\t\t\t\tif (_valuesEnd[property].length === 0) {","\t\t\t\t\tcontinue;","\t\t\t\t}","","\t\t\t\t// Create a local copy of the Array with the start value at the front","\t\t\t\t_valuesEnd[property] = [_object[property]].concat(_valuesEnd[property]);","","\t\t\t}","","\t\t\t// If `to()` specifies a property that doesn't exist in the source object,","\t\t\t// we should not set that property in the object","\t\t\tif (_object[property] === undefined) {","\t\t\t\tcontinue;","\t\t\t}","","\t\t\t// Save the starting value.","\t\t\t_valuesStart[property] = _object[property];","","\t\t\tif ((_valuesStart[property] instanceof Array) === false) {","\t\t\t\t_valuesStart[property] *= 1.0; // Ensures we're using numbers, not strings","\t\t\t}","","\t\t\t_valuesStartRepeat[property] = _valuesStart[property] || 0;","","\t\t}","","\t\treturn this;","","\t};","","\tthis.stop = function () {","","\t\tif (!_isPlaying) {","\t\t\treturn this;","\t\t}","","\t\tTWEEN.remove(this);","\t\t_isPlaying = false;","","\t\tif (_onStopCallback !== null) {","\t\t\t_onStopCallback.call(_object, _object);","\t\t}","","\t\tthis.stopChainedTweens();","\t\treturn this;","","\t};","","\tthis.end = function () {","","\t\tthis.update(_startTime + _duration);","\t\treturn this;","","\t};","","\tthis.stopChainedTweens = function () {","","\t\tfor (var i = 0, numChainedTweens = _chainedTweens.length; i < numChainedTweens; i++) {","\t\t\t_chainedTweens[i].stop();","\t\t}","","\t};","","\tthis.delay = function (amount) {","","\t\t_delayTime = amount;","\t\treturn this;","","\t};","","\tthis.repeat = function (times) {","","\t\t_repeat = times;","\t\treturn this;","","\t};","","\tthis.repeatDelay = function (amount) {","","\t\t_repeatDelayTime = amount;","\t\treturn this;","","\t};","","\tthis.yoyo = function (yoyo) {","","\t\t_yoyo = yoyo;","\t\treturn this;","","\t};","","","\tthis.easing = function (easing) {","","\t\t_easingFunction = easing;","\t\treturn this;","","\t};","","\tthis.interpolation = function (interpolation) {","","\t\t_interpolationFunction = interpolation;","\t\treturn this;","","\t};","","\tthis.chain = function () {","","\t\t_chainedTweens = arguments;","\t\treturn this;","","\t};","","\tthis.onStart = function (callback) {","","\t\t_onStartCallback = callback;","\t\treturn this;","","\t};","","\tthis.onUpdate = function (callback) {","","\t\t_onUpdateCallback = callback;","\t\treturn this;","","\t};","","\tthis.onComplete = function (callback) {","","\t\t_onCompleteCallback = callback;","\t\treturn this;","","\t};","","\tthis.onStop = function (callback) {","","\t\t_onStopCallback = callback;","\t\treturn this;","","\t};","","\tthis.update = function (time) {","","\t\tvar property;","\t\tvar elapsed;","\t\tvar value;","","\t\tif (time < _startTime) {","\t\t\treturn true;","\t\t}","","\t\tif (_onStartCallbackFired === false) {","","\t\t\tif (_onStartCallback !== null) {","\t\t\t\t_onStartCallback.call(_object, _object);","\t\t\t}","","\t\t\t_onStartCallbackFired = true;","\t\t}","","\t\telapsed = (time - _startTime) / _duration;","\t\telapsed = elapsed > 1 ? 1 : elapsed;","","\t\tvalue = _easingFunction(elapsed);","","\t\tfor (property in _valuesEnd) {","","\t\t\t// Don't update properties that do not exist in the source object","\t\t\tif (_valuesStart[property] === undefined) {","\t\t\t\tcontinue;","\t\t\t}","","\t\t\tvar start = _valuesStart[property] || 0;","\t\t\tvar end = _valuesEnd[property];","","\t\t\tif (end instanceof Array) {","","\t\t\t\t_object[property] = _interpolationFunction(end, value);","","\t\t\t} else {","","\t\t\t\t// Parses relative end values with start as base (e.g.: +10, -3)","\t\t\t\tif (typeof (end) === 'string') {","","\t\t\t\t\tif (end.charAt(0) === '+' || end.charAt(0) === '-') {","\t\t\t\t\t\tend = start + parseFloat(end);","\t\t\t\t\t} else {","\t\t\t\t\t\tend = parseFloat(end);","\t\t\t\t\t}","\t\t\t\t}","","\t\t\t\t// Protect against non numeric properties.","\t\t\t\tif (typeof (end) === 'number') {","\t\t\t\t\t_object[property] = start + (end - start) * value;","\t\t\t\t}","","\t\t\t}","","\t\t}","","\t\tif (_onUpdateCallback !== null) {","\t\t\t_onUpdateCallback.call(_object, value);","\t\t}","","\t\tif (elapsed === 1) {","","\t\t\tif (_repeat > 0) {","","\t\t\t\tif (isFinite(_repeat)) {","\t\t\t\t\t_repeat--;","\t\t\t\t}","","\t\t\t\t// Reassign starting values, restart by making startTime = now","\t\t\t\tfor (property in _valuesStartRepeat) {","","\t\t\t\t\tif (typeof (_valuesEnd[property]) === 'string') {","\t\t\t\t\t\t_valuesStartRepeat[property] = _valuesStartRepeat[property] + parseFloat(_valuesEnd[property]);","\t\t\t\t\t}","","\t\t\t\t\tif (_yoyo) {","\t\t\t\t\t\tvar tmp = _valuesStartRepeat[property];","","\t\t\t\t\t\t_valuesStartRepeat[property] = _valuesEnd[property];","\t\t\t\t\t\t_valuesEnd[property] = tmp;","\t\t\t\t\t}","","\t\t\t\t\t_valuesStart[property] = _valuesStartRepeat[property];","","\t\t\t\t}","","\t\t\t\tif (_yoyo) {","\t\t\t\t\t_reversed = !_reversed;","\t\t\t\t}","","\t\t\t\tif (_repeatDelayTime !== undefined) {","\t\t\t\t\t_startTime = time + _repeatDelayTime;","\t\t\t\t} else {","\t\t\t\t\t_startTime = time + _delayTime;","\t\t\t\t}","","\t\t\t\treturn true;","","\t\t\t} else {","","\t\t\t\tif (_onCompleteCallback !== null) {","","\t\t\t\t\t_onCompleteCallback.call(_object, _object);","\t\t\t\t}","","\t\t\t\tfor (var i = 0, numChainedTweens = _chainedTweens.length; i < numChainedTweens; i++) {","\t\t\t\t\t// Make the chained tweens start exactly at the time they should,","\t\t\t\t\t// even if the `update()` method was called way past the duration of the tween","\t\t\t\t\t_chainedTweens[i].start(_startTime + _duration);","\t\t\t\t}","","\t\t\t\treturn false;","","\t\t\t}","","\t\t}","","\t\treturn true;","","\t};","","};","","","TWEEN.Easing = {","","\tLinear: {","","\t\tNone: function (k) {","","\t\t\treturn k;","","\t\t}","","\t},","","\tQuadratic: {","","\t\tIn: function (k) {","","\t\t\treturn k * k;","","\t\t},","","\t\tOut: function (k) {","","\t\t\treturn k * (2 - k);","","\t\t},","","\t\tInOut: function (k) {","","\t\t\tif ((k *= 2) < 1) {","\t\t\t\treturn 0.5 * k * k;","\t\t\t}","","\t\t\treturn - 0.5 * (--k * (k - 2) - 1);","","\t\t}","","\t},","","\tCubic: {","","\t\tIn: function (k) {","","\t\t\treturn k * k * k;","","\t\t},","","\t\tOut: function (k) {","","\t\t\treturn --k * k * k + 1;","","\t\t},","","\t\tInOut: function (k) {","","\t\t\tif ((k *= 2) < 1) {","\t\t\t\treturn 0.5 * k * k * k;","\t\t\t}","","\t\t\treturn 0.5 * ((k -= 2) * k * k + 2);","","\t\t}","","\t},","","\tQuartic: {","","\t\tIn: function (k) {","","\t\t\treturn k * k * k * k;","","\t\t},","","\t\tOut: function (k) {","","\t\t\treturn 1 - (--k * k * k * k);","","\t\t},","","\t\tInOut: function (k) {","","\t\t\tif ((k *= 2) < 1) {","\t\t\t\treturn 0.5 * k * k * k * k;","\t\t\t}","","\t\t\treturn - 0.5 * ((k -= 2) * k * k * k - 2);","","\t\t}","","\t},","","\tQuintic: {","","\t\tIn: function (k) {","","\t\t\treturn k * k * k * k * k;","","\t\t},","","\t\tOut: function (k) {","","\t\t\treturn --k * k * k * k * k + 1;","","\t\t},","","\t\tInOut: function (k) {","","\t\t\tif ((k *= 2) < 1) {","\t\t\t\treturn 0.5 * k * k * k * k * k;","\t\t\t}","","\t\t\treturn 0.5 * ((k -= 2) * k * k * k * k + 2);","","\t\t}","","\t},","","\tSinusoidal: {","","\t\tIn: function (k) {","","\t\t\treturn 1 - Math.cos(k * Math.PI / 2);","","\t\t},","","\t\tOut: function (k) {","","\t\t\treturn Math.sin(k * Math.PI / 2);","","\t\t},","","\t\tInOut: function (k) {","","\t\t\treturn 0.5 * (1 - Math.cos(Math.PI * k));","","\t\t}","","\t},","","\tExponential: {","","\t\tIn: function (k) {","","\t\t\treturn k === 0 ? 0 : Math.pow(1024, k - 1);","","\t\t},","","\t\tOut: function (k) {","","\t\t\treturn k === 1 ? 1 : 1 - Math.pow(2, - 10 * k);","","\t\t},","","\t\tInOut: function (k) {","","\t\t\tif (k === 0) {","\t\t\t\treturn 0;","\t\t\t}","","\t\t\tif (k === 1) {","\t\t\t\treturn 1;","\t\t\t}","","\t\t\tif ((k *= 2) < 1) {","\t\t\t\treturn 0.5 * Math.pow(1024, k - 1);","\t\t\t}","","\t\t\treturn 0.5 * (- Math.pow(2, - 10 * (k - 1)) + 2);","","\t\t}","","\t},","","\tCircular: {","","\t\tIn: function (k) {","","\t\t\treturn 1 - Math.sqrt(1 - k * k);","","\t\t},","","\t\tOut: function (k) {","","\t\t\treturn Math.sqrt(1 - (--k * k));","","\t\t},","","\t\tInOut: function (k) {","","\t\t\tif ((k *= 2) < 1) {","\t\t\t\treturn - 0.5 * (Math.sqrt(1 - k * k) - 1);","\t\t\t}","","\t\t\treturn 0.5 * (Math.sqrt(1 - (k -= 2) * k) + 1);","","\t\t}","","\t},","","\tElastic: {","","\t\tIn: function (k) {","","\t\t\tif (k === 0) {","\t\t\t\treturn 0;","\t\t\t}","","\t\t\tif (k === 1) {","\t\t\t\treturn 1;","\t\t\t}","","\t\t\treturn -Math.pow(2, 10 * (k - 1)) * Math.sin((k - 1.1) * 5 * Math.PI);","","\t\t},","","\t\tOut: function (k) {","","\t\t\tif (k === 0) {","\t\t\t\treturn 0;","\t\t\t}","","\t\t\tif (k === 1) {","\t\t\t\treturn 1;","\t\t\t}","","\t\t\treturn Math.pow(2, -10 * k) * Math.sin((k - 0.1) * 5 * Math.PI) + 1;","","\t\t},","","\t\tInOut: function (k) {","","\t\t\tif (k === 0) {","\t\t\t\treturn 0;","\t\t\t}","","\t\t\tif (k === 1) {","\t\t\t\treturn 1;","\t\t\t}","","\t\t\tk *= 2;","","\t\t\tif (k < 1) {","\t\t\t\treturn -0.5 * Math.pow(2, 10 * (k - 1)) * Math.sin((k - 1.1) * 5 * Math.PI);","\t\t\t}","","\t\t\treturn 0.5 * Math.pow(2, -10 * (k - 1)) * Math.sin((k - 1.1) * 5 * Math.PI) + 1;","","\t\t}","","\t},","","\tBack: {","","\t\tIn: function (k) {","","\t\t\tvar s = 1.70158;","","\t\t\treturn k * k * ((s + 1) * k - s);","","\t\t},","","\t\tOut: function (k) {","","\t\t\tvar s = 1.70158;","","\t\t\treturn --k * k * ((s + 1) * k + s) + 1;","","\t\t},","","\t\tInOut: function (k) {","","\t\t\tvar s = 1.70158 * 1.525;","","\t\t\tif ((k *= 2) < 1) {","\t\t\t\treturn 0.5 * (k * k * ((s + 1) * k - s));","\t\t\t}","","\t\t\treturn 0.5 * ((k -= 2) * k * ((s + 1) * k + s) + 2);","","\t\t}","","\t},","","\tBounce: {","","\t\tIn: function (k) {","","\t\t\treturn 1 - TWEEN.Easing.Bounce.Out(1 - k);","","\t\t},","","\t\tOut: function (k) {","","\t\t\tif (k < (1 / 2.75)) {","\t\t\t\treturn 7.5625 * k * k;","\t\t\t} else if (k < (2 / 2.75)) {","\t\t\t\treturn 7.5625 * (k -= (1.5 / 2.75)) * k + 0.75;","\t\t\t} else if (k < (2.5 / 2.75)) {","\t\t\t\treturn 7.5625 * (k -= (2.25 / 2.75)) * k + 0.9375;","\t\t\t} else {","\t\t\t\treturn 7.5625 * (k -= (2.625 / 2.75)) * k + 0.984375;","\t\t\t}","","\t\t},","","\t\tInOut: function (k) {","","\t\t\tif (k < 0.5) {","\t\t\t\treturn TWEEN.Easing.Bounce.In(k * 2) * 0.5;","\t\t\t}","","\t\t\treturn TWEEN.Easing.Bounce.Out(k * 2 - 1) * 0.5 + 0.5;","","\t\t}","","\t}","","};","","TWEEN.Interpolation = {","","\tLinear: function (v, k) {","","\t\tvar m = v.length - 1;","\t\tvar f = m * k;","\t\tvar i = Math.floor(f);","\t\tvar fn = TWEEN.Interpolation.Utils.Linear;","","\t\tif (k < 0) {","\t\t\treturn fn(v[0], v[1], f);","\t\t}","","\t\tif (k > 1) {","\t\t\treturn fn(v[m], v[m - 1], m - f);","\t\t}","","\t\treturn fn(v[i], v[i + 1 > m ? m : i + 1], f - i);","","\t},","","\tBezier: function (v, k) {","","\t\tvar b = 0;","\t\tvar n = v.length - 1;","\t\tvar pw = Math.pow;","\t\tvar bn = TWEEN.Interpolation.Utils.Bernstein;","","\t\tfor (var i = 0; i <= n; i++) {","\t\t\tb += pw(1 - k, n - i) * pw(k, i) * v[i] * bn(n, i);","\t\t}","","\t\treturn b;","","\t},","","\tCatmullRom: function (v, k) {","","\t\tvar m = v.length - 1;","\t\tvar f = m * k;","\t\tvar i = Math.floor(f);","\t\tvar fn = TWEEN.Interpolation.Utils.CatmullRom;","","\t\tif (v[0] === v[m]) {","","\t\t\tif (k < 0) {","\t\t\t\ti = Math.floor(f = m * (1 + k));","\t\t\t}","","\t\t\treturn fn(v[(i - 1 + m) % m], v[i], v[(i + 1) % m], v[(i + 2) % m], f - i);","","\t\t} else {","","\t\t\tif (k < 0) {","\t\t\t\treturn v[0] - (fn(v[0], v[0], v[1], v[1], -f) - v[0]);","\t\t\t}","","\t\t\tif (k > 1) {","\t\t\t\treturn v[m] - (fn(v[m], v[m], v[m - 1], v[m - 1], f - m) - v[m]);","\t\t\t}","","\t\t\treturn fn(v[i ? i - 1 : 0], v[i], v[m < i + 1 ? m : i + 1], v[m < i + 2 ? m : i + 2], f - i);","","\t\t}","","\t},","","\tUtils: {","","\t\tLinear: function (p0, p1, t) {","","\t\t\treturn (p1 - p0) * t + p0;","","\t\t},","","\t\tBernstein: function (n, i) {","","\t\t\tvar fc = TWEEN.Interpolation.Utils.Factorial;","","\t\t\treturn fc(n) / fc(i) / fc(n - i);","","\t\t},","","\t\tFactorial: (function () {","","\t\t\tvar a = [1];","","\t\t\treturn function (n) {","","\t\t\t\tvar s = 1;","","\t\t\t\tif (a[n]) {","\t\t\t\t\treturn a[n];","\t\t\t\t}","","\t\t\t\tfor (var i = n; i > 1; i--) {","\t\t\t\t\ts *= i;","\t\t\t\t}","","\t\t\t\ta[n] = s;","\t\t\t\treturn s;","","\t\t\t};","","\t\t})(),","","\t\tCatmullRom: function (p0, p1, p2, p3, t) {","","\t\t\tvar v0 = (p2 - p0) * 0.5;","\t\t\tvar v1 = (p3 - p1) * 0.5;","\t\t\tvar t2 = t * t;","\t\t\tvar t3 = t * t2;","","\t\t\treturn (2 * p1 - 2 * p2 + v0 + v1) * t3 + (- 3 * p1 + 3 * p2 - 2 * v0 - v1) * t2 + v0 * t + p1;","","\t\t}","","\t}","","};","","// UMD (Universal Module Definition)","(function (root) {","","\tif (typeof define === 'function' && define.amd) {","","\t\t// AMD","\t\tdefine([], function () {","\t\t\treturn TWEEN;","\t\t});","","\t} else if (typeof module !== 'undefined' && typeof exports === 'object') {","","\t\t// Node.js","\t\tmodule.exports = TWEEN;","","\t} else if (root !== undefined) {","","\t\t// Global variable","\t\troot.TWEEN = TWEEN;","","\t}","","})(this);",""],"l":{"10":1,"12":1,"14":1,"18":0,"24":0,"30":0,"36":0,"38":0,"39":0,"46":0,"47":0,"50":0,"52":0,"54":0,"56":0,"57":0,"59":0,"64":0,"74":1,"75":1,"76":0,"79":0,"83":0,"88":0,"91":0,"92":0,"96":0,"97":0,"102":1,"104":0,"105":0,"106":0,"107":0,"108":0,"109":0,"110":0,"111":0,"112":0,"113":0,"114":0,"115":0,"116":0,"117":0,"118":0,"119":0,"120":0,"121":0,"122":0,"123":0,"125":0,"127":0,"129":0,"130":0,"133":0,"137":0,"139":0,"141":0,"143":0,"145":0,"146":0,"148":0,"151":0,"153":0,"154":0,"158":0,"164":0,"165":0,"169":0,"171":0,"172":0,"175":0,"179":0,"183":0,"185":0,"186":0,"189":0,"190":0,"192":0,"193":0,"196":0,"197":0,"201":0,"203":0,"204":0,"208":0,"210":0,"211":0,"216":0,"218":0,"219":0,"223":0,"225":0,"226":0,"230":0,"232":0,"233":0,"237":0,"239":0,"240":0,"245":0,"247":0,"248":0,"252":0,"254":0,"255":0,"259":0,"261":0,"262":0,"266":0,"268":0,"269":0,"273":0,"275":0,"276":0,"280":0,"282":0,"283":0,"287":0,"289":0,"290":0,"294":0,"296":0,"297":0,"298":0,"300":0,"301":0,"304":0,"306":0,"307":0,"310":0,"313":0,"314":0,"316":0,"318":0,"321":0,"322":0,"325":0,"326":0,"328":0,"330":0,"335":0,"337":0,"338":0,"340":0,"345":0,"346":0,"353":0,"354":0,"357":0,"359":0,"361":0,"362":0,"366":0,"368":0,"369":0,"372":0,"373":0,"375":0,"376":0,"379":0,"383":0,"384":0,"387":0,"388":0,"390":0,"393":0,"397":0,"399":0,"402":0,"405":0,"408":0,"414":0,"421":1,"427":0,"437":0,"443":0,"449":0,"450":0,"453":0,"463":0,"469":0,"475":0,"476":0,"479":0,"489":0,"495":0,"501":0,"502":0,"505":0,"515":0,"521":0,"527":0,"528":0,"531":0,"541":0,"547":0,"553":0,"563":0,"569":0,"575":0,"576":0,"579":0,"580":0,"583":0,"584":0,"587":0,"597":0,"603":0,"609":0,"610":0,"613":0,"623":0,"624":0,"627":0,"628":0,"631":0,"637":0,"638":0,"641":0,"642":0,"645":0,"651":0,"652":0,"655":0,"656":0,"659":0,"661":0,"662":0,"665":0,"675":0,"677":0,"683":0,"685":0,"691":0,"693":0,"694":0,"697":0,"707":0,"713":0,"714":0,"715":0,"716":0,"717":0,"718":0,"720":0,"727":0,"728":0,"731":0,"739":1,"743":0,"744":0,"745":0,"746":0,"748":0,"749":0,"752":0,"753":0,"756":0,"762":0,"763":0,"764":0,"765":0,"767":0,"768":0,"771":0,"777":0,"778":0,"779":0,"780":0,"782":0,"784":0,"785":0,"788":0,"792":0,"793":0,"796":0,"797":0,"800":0,"810":0,"816":0,"818":0,"824":1,"826":1,"828":0,"830":0,"831":0,"834":0,"835":0,"838":0,"839":0,"847":0,"848":0,"849":0,"850":0,"852":0,"861":1,"863":1,"866":0,"867":0,"870":1,"873":1,"875":0,"878":0}}}